{
  "uid" : "145b684d8e4d17dd",
  "name" : "RepeatedApptest",
  "fullName" : "test.RepeatedApp.RepeatedApptest",
  "historyId" : "b58f1728b45b04e8e150094c1f40b44",
  "time" : {
    "start" : 1568644086352,
    "stop" : 1568644126630,
    "duration" : 40278
  },
  "status" : "broken",
  "statusMessage" : "An element could not be located on the page using the given search parameters.\nFor documentation on this error, please visit: https://www.seleniumhq.org/exceptions/no_such_element.html\nBuild info: version: '3.141.59', revision: 'e82be7d358', time: '2018-11-14T08:17:03'\nSystem info: host: 'LEN-4-2', ip: '192.168.193.2', os.name: 'Windows 10', os.arch: 'amd64', os.version: '10.0', java.version: '1.8.0_202-release'\nDriver info: io.appium.java_client.android.AndroidDriver\nCapabilities {appActivity: .PreloadActivity, appPackage: com.oneclickmoney.ocm, automationName: UiAutomator2, databaseEnabled: false, desired: {appActivity: .PreloadActivity, appPackage: com.oneclickmoney.ocm, automationName: UiAutomator2, deviceName: My Phone, noReset: true, platformName: android, platformVersion: 5.1, udid: emulator-5554, unicodeKeyboard: true}, deviceApiLevel: 22, deviceManufacturer: unknown, deviceModel: Android SDK built for x86, deviceName: emulator-5554, deviceScreenDensity: 480, deviceScreenSize: 1080x1920, deviceUDID: emulator-5554, javascriptEnabled: true, locationContextEnabled: false, networkConnectionEnabled: true, noReset: true, pixelRatio: 3, platform: LINUX, platformName: Android, platformVersion: 5.1.1, statBarHeight: 75, takesScreenshot: true, udid: emulator-5554, unicodeKeyboard: true, viewportRect: {height: 1701, left: 0, top: 75, width: 1080}, warnings: {}, webStorageEnabled: false}\nSession ID: ad626a32-8e22-4724-b86b-4dd86b8accd3\n*** Element info: {Using=id, value=com.oneclickmoney.ocm:id/takeText}",
  "statusTrace" : "org.openqa.selenium.NoSuchElementException: An element could not be located on the page using the given search parameters.\nFor documentation on this error, please visit: https://www.seleniumhq.org/exceptions/no_such_element.html\nBuild info: version: '3.141.59', revision: 'e82be7d358', time: '2018-11-14T08:17:03'\nSystem info: host: 'LEN-4-2', ip: '192.168.193.2', os.name: 'Windows 10', os.arch: 'amd64', os.version: '10.0', java.version: '1.8.0_202-release'\nDriver info: io.appium.java_client.android.AndroidDriver\nCapabilities {appActivity: .PreloadActivity, appPackage: com.oneclickmoney.ocm, automationName: UiAutomator2, databaseEnabled: false, desired: {appActivity: .PreloadActivity, appPackage: com.oneclickmoney.ocm, automationName: UiAutomator2, deviceName: My Phone, noReset: true, platformName: android, platformVersion: 5.1, udid: emulator-5554, unicodeKeyboard: true}, deviceApiLevel: 22, deviceManufacturer: unknown, deviceModel: Android SDK built for x86, deviceName: emulator-5554, deviceScreenDensity: 480, deviceScreenSize: 1080x1920, deviceUDID: emulator-5554, javascriptEnabled: true, locationContextEnabled: false, networkConnectionEnabled: true, noReset: true, pixelRatio: 3, platform: LINUX, platformName: Android, platformVersion: 5.1.1, statBarHeight: 75, takesScreenshot: true, udid: emulator-5554, unicodeKeyboard: true, viewportRect: {height: 1701, left: 0, top: 75, width: 1080}, warnings: {}, webStorageEnabled: false}\nSession ID: ad626a32-8e22-4724-b86b-4dd86b8accd3\n*** Element info: {Using=id, value=com.oneclickmoney.ocm:id/takeText}\r\n\tat sun.reflect.NativeConstructorAccessorImpl.newInstance0(Native Method)\r\n\tat sun.reflect.NativeConstructorAccessorImpl.newInstance(NativeConstructorAccessorImpl.java:62)\r\n\tat sun.reflect.DelegatingConstructorAccessorImpl.newInstance(DelegatingConstructorAccessorImpl.java:45)\r\n\tat java.lang.reflect.Constructor.newInstance(Constructor.java:423)\r\n\tat org.openqa.selenium.remote.http.W3CHttpResponseCodec.createException(W3CHttpResponseCodec.java:187)\r\n\tat org.openqa.selenium.remote.http.W3CHttpResponseCodec.decode(W3CHttpResponseCodec.java:122)\r\n\tat org.openqa.selenium.remote.http.W3CHttpResponseCodec.decode(W3CHttpResponseCodec.java:49)\r\n\tat org.openqa.selenium.remote.HttpCommandExecutor.execute(HttpCommandExecutor.java:158)\r\n\tat io.appium.java_client.remote.AppiumCommandExecutor.execute(AppiumCommandExecutor.java:239)\r\n\tat org.openqa.selenium.remote.RemoteWebDriver.execute(RemoteWebDriver.java:552)\r\n\tat io.appium.java_client.DefaultGenericMobileDriver.execute(DefaultGenericMobileDriver.java:41)\r\n\tat io.appium.java_client.AppiumDriver.execute(AppiumDriver.java:1)\r\n\tat io.appium.java_client.android.AndroidDriver.execute(AndroidDriver.java:1)\r\n\tat org.openqa.selenium.remote.RemoteWebDriver.findElement(RemoteWebDriver.java:323)\r\n\tat io.appium.java_client.DefaultGenericMobileDriver.findElement(DefaultGenericMobileDriver.java:61)\r\n\tat io.appium.java_client.AppiumDriver.findElement(AppiumDriver.java:1)\r\n\tat io.appium.java_client.android.AndroidDriver.findElement(AndroidDriver.java:1)\r\n\tat org.openqa.selenium.remote.RemoteWebDriver.findElementById(RemoteWebDriver.java:372)\r\n\tat io.appium.java_client.DefaultGenericMobileDriver.findElementById(DefaultGenericMobileDriver.java:69)\r\n\tat io.appium.java_client.AppiumDriver.findElementById(AppiumDriver.java:1)\r\n\tat io.appium.java_client.android.AndroidDriver.findElementById(AndroidDriver.java:1)\r\n\tat test.RepeatedApp.takeApp_aroundBody8(RepeatedApp.java:128)\r\n\tat test.RepeatedApp$AjcClosure9.run(RepeatedApp.java:1)\r\n\tat org.aspectj.runtime.reflect.JoinPointImpl.proceed(JoinPointImpl.java:149)\r\n\tat io.qameta.allure.aspects.StepsAspects.step(StepsAspects.java:46)\r\n\tat test.RepeatedApp.takeApp(RepeatedApp.java:128)\r\n\tat test.RepeatedApp.take_aroundBody6(RepeatedApp.java:118)\r\n\tat test.RepeatedApp$AjcClosure7.run(RepeatedApp.java:1)\r\n\tat org.aspectj.runtime.reflect.JoinPointImpl.proceed(JoinPointImpl.java:149)\r\n\tat io.qameta.allure.aspects.StepsAspects.step(StepsAspects.java:46)\r\n\tat test.RepeatedApp.take(RepeatedApp.java:115)\r\n\tat test.RepeatedApp.RepeatedApptest(RepeatedApp.java:49)\r\n\tat sun.reflect.NativeMethodAccessorImpl.invoke0(Native Method)\r\n\tat sun.reflect.NativeMethodAccessorImpl.invoke(NativeMethodAccessorImpl.java:62)\r\n\tat sun.reflect.DelegatingMethodAccessorImpl.invoke(DelegatingMethodAccessorImpl.java:43)\r\n\tat java.lang.reflect.Method.invoke(Method.java:498)\r\n\tat org.junit.runners.model.FrameworkMethod$1.runReflectiveCall(FrameworkMethod.java:50)\r\n\tat org.junit.internal.runners.model.ReflectiveCallable.run(ReflectiveCallable.java:12)\r\n\tat org.junit.runners.model.FrameworkMethod.invokeExplosively(FrameworkMethod.java:47)\r\n\tat org.junit.internal.runners.statements.InvokeMethod.evaluate(InvokeMethod.java:17)\r\n\tat org.junit.internal.runners.statements.RunAfters.evaluate(RunAfters.java:27)\r\n\tat org.junit.runners.ParentRunner.runLeaf(ParentRunner.java:325)\r\n\tat org.junit.runners.BlockJUnit4ClassRunner.runChild(BlockJUnit4ClassRunner.java:78)\r\n\tat org.junit.runners.BlockJUnit4ClassRunner.runChild(BlockJUnit4ClassRunner.java:57)\r\n\tat org.junit.runners.ParentRunner$3.run(ParentRunner.java:290)\r\n\tat org.junit.runners.ParentRunner$1.schedule(ParentRunner.java:71)\r\n\tat org.junit.runners.ParentRunner.runChildren(ParentRunner.java:288)\r\n\tat org.junit.runners.ParentRunner.access$000(ParentRunner.java:58)\r\n\tat org.junit.runners.ParentRunner$2.evaluate(ParentRunner.java:268)\r\n\tat org.junit.runners.ParentRunner.run(ParentRunner.java:363)\r\n\tat org.gradle.api.internal.tasks.testing.junit.JUnitTestClassExecutor.runTestClass(JUnitTestClassExecutor.java:110)\r\n\tat org.gradle.api.internal.tasks.testing.junit.JUnitTestClassExecutor.execute(JUnitTestClassExecutor.java:58)\r\n\tat org.gradle.api.internal.tasks.testing.junit.JUnitTestClassExecutor.execute(JUnitTestClassExecutor.java:38)\r\n\tat org.gradle.api.internal.tasks.testing.junit.AbstractJUnitTestClassProcessor.processTestClass(AbstractJUnitTestClassProcessor.java:62)\r\n\tat org.gradle.api.internal.tasks.testing.SuiteTestClassProcessor.processTestClass(SuiteTestClassProcessor.java:51)\r\n\tat sun.reflect.NativeMethodAccessorImpl.invoke0(Native Method)\r\n\tat sun.reflect.NativeMethodAccessorImpl.invoke(NativeMethodAccessorImpl.java:62)\r\n\tat sun.reflect.DelegatingMethodAccessorImpl.invoke(DelegatingMethodAccessorImpl.java:43)\r\n\tat java.lang.reflect.Method.invoke(Method.java:498)\r\n\tat org.gradle.internal.dispatch.ReflectionDispatch.dispatch(ReflectionDispatch.java:35)\r\n\tat org.gradle.internal.dispatch.ReflectionDispatch.dispatch(ReflectionDispatch.java:24)\r\n\tat org.gradle.internal.dispatch.ContextClassLoaderDispatch.dispatch(ContextClassLoaderDispatch.java:32)\r\n\tat org.gradle.internal.dispatch.ProxyDispatchAdapter$DispatchingInvocationHandler.invoke(ProxyDispatchAdapter.java:93)\r\n\tat com.sun.proxy.$Proxy2.processTestClass(Unknown Source)\r\n\tat org.gradle.api.internal.tasks.testing.worker.TestWorker.processTestClass(TestWorker.java:118)\r\n\tat sun.reflect.NativeMethodAccessorImpl.invoke0(Native Method)\r\n\tat sun.reflect.NativeMethodAccessorImpl.invoke(NativeMethodAccessorImpl.java:62)\r\n\tat sun.reflect.DelegatingMethodAccessorImpl.invoke(DelegatingMethodAccessorImpl.java:43)\r\n\tat java.lang.reflect.Method.invoke(Method.java:498)\r\n\tat org.gradle.internal.dispatch.ReflectionDispatch.dispatch(ReflectionDispatch.java:35)\r\n\tat org.gradle.internal.dispatch.ReflectionDispatch.dispatch(ReflectionDispatch.java:24)\r\n\tat org.gradle.internal.remote.internal.hub.MessageHubBackedObjectConnection$DispatchWrapper.dispatch(MessageHubBackedObjectConnection.java:175)\r\n\tat org.gradle.internal.remote.internal.hub.MessageHubBackedObjectConnection$DispatchWrapper.dispatch(MessageHubBackedObjectConnection.java:157)\r\n\tat org.gradle.internal.remote.internal.hub.MessageHub$Handler.run(MessageHub.java:404)\r\n\tat org.gradle.internal.concurrent.ExecutorPolicy$CatchAndRecordFailures.onExecute(ExecutorPolicy.java:63)\r\n\tat org.gradle.internal.concurrent.ManagedExecutorImpl$1.run(ManagedExecutorImpl.java:46)\r\n\tat java.util.concurrent.ThreadPoolExecutor.runWorker(ThreadPoolExecutor.java:1149)\r\n\tat java.util.concurrent.ThreadPoolExecutor$Worker.run(ThreadPoolExecutor.java:624)\r\n\tat org.gradle.internal.concurrent.ThreadFactoryImpl$ManagedThreadRunnable.run(ThreadFactoryImpl.java:55)\r\n\tat java.lang.Thread.run(Thread.java:748)\r\n",
  "flaky" : false,
  "newFailed" : false,
  "beforeStages" : [ ],
  "testStage" : {
    "status" : "broken",
    "statusMessage" : "An element could not be located on the page using the given search parameters.\nFor documentation on this error, please visit: https://www.seleniumhq.org/exceptions/no_such_element.html\nBuild info: version: '3.141.59', revision: 'e82be7d358', time: '2018-11-14T08:17:03'\nSystem info: host: 'LEN-4-2', ip: '192.168.193.2', os.name: 'Windows 10', os.arch: 'amd64', os.version: '10.0', java.version: '1.8.0_202-release'\nDriver info: io.appium.java_client.android.AndroidDriver\nCapabilities {appActivity: .PreloadActivity, appPackage: com.oneclickmoney.ocm, automationName: UiAutomator2, databaseEnabled: false, desired: {appActivity: .PreloadActivity, appPackage: com.oneclickmoney.ocm, automationName: UiAutomator2, deviceName: My Phone, noReset: true, platformName: android, platformVersion: 5.1, udid: emulator-5554, unicodeKeyboard: true}, deviceApiLevel: 22, deviceManufacturer: unknown, deviceModel: Android SDK built for x86, deviceName: emulator-5554, deviceScreenDensity: 480, deviceScreenSize: 1080x1920, deviceUDID: emulator-5554, javascriptEnabled: true, locationContextEnabled: false, networkConnectionEnabled: true, noReset: true, pixelRatio: 3, platform: LINUX, platformName: Android, platformVersion: 5.1.1, statBarHeight: 75, takesScreenshot: true, udid: emulator-5554, unicodeKeyboard: true, viewportRect: {height: 1701, left: 0, top: 75, width: 1080}, warnings: {}, webStorageEnabled: false}\nSession ID: ad626a32-8e22-4724-b86b-4dd86b8accd3\n*** Element info: {Using=id, value=com.oneclickmoney.ocm:id/takeText}",
    "statusTrace" : "org.openqa.selenium.NoSuchElementException: An element could not be located on the page using the given search parameters.\nFor documentation on this error, please visit: https://www.seleniumhq.org/exceptions/no_such_element.html\nBuild info: version: '3.141.59', revision: 'e82be7d358', time: '2018-11-14T08:17:03'\nSystem info: host: 'LEN-4-2', ip: '192.168.193.2', os.name: 'Windows 10', os.arch: 'amd64', os.version: '10.0', java.version: '1.8.0_202-release'\nDriver info: io.appium.java_client.android.AndroidDriver\nCapabilities {appActivity: .PreloadActivity, appPackage: com.oneclickmoney.ocm, automationName: UiAutomator2, databaseEnabled: false, desired: {appActivity: .PreloadActivity, appPackage: com.oneclickmoney.ocm, automationName: UiAutomator2, deviceName: My Phone, noReset: true, platformName: android, platformVersion: 5.1, udid: emulator-5554, unicodeKeyboard: true}, deviceApiLevel: 22, deviceManufacturer: unknown, deviceModel: Android SDK built for x86, deviceName: emulator-5554, deviceScreenDensity: 480, deviceScreenSize: 1080x1920, deviceUDID: emulator-5554, javascriptEnabled: true, locationContextEnabled: false, networkConnectionEnabled: true, noReset: true, pixelRatio: 3, platform: LINUX, platformName: Android, platformVersion: 5.1.1, statBarHeight: 75, takesScreenshot: true, udid: emulator-5554, unicodeKeyboard: true, viewportRect: {height: 1701, left: 0, top: 75, width: 1080}, warnings: {}, webStorageEnabled: false}\nSession ID: ad626a32-8e22-4724-b86b-4dd86b8accd3\n*** Element info: {Using=id, value=com.oneclickmoney.ocm:id/takeText}\r\n\tat sun.reflect.NativeConstructorAccessorImpl.newInstance0(Native Method)\r\n\tat sun.reflect.NativeConstructorAccessorImpl.newInstance(NativeConstructorAccessorImpl.java:62)\r\n\tat sun.reflect.DelegatingConstructorAccessorImpl.newInstance(DelegatingConstructorAccessorImpl.java:45)\r\n\tat java.lang.reflect.Constructor.newInstance(Constructor.java:423)\r\n\tat org.openqa.selenium.remote.http.W3CHttpResponseCodec.createException(W3CHttpResponseCodec.java:187)\r\n\tat org.openqa.selenium.remote.http.W3CHttpResponseCodec.decode(W3CHttpResponseCodec.java:122)\r\n\tat org.openqa.selenium.remote.http.W3CHttpResponseCodec.decode(W3CHttpResponseCodec.java:49)\r\n\tat org.openqa.selenium.remote.HttpCommandExecutor.execute(HttpCommandExecutor.java:158)\r\n\tat io.appium.java_client.remote.AppiumCommandExecutor.execute(AppiumCommandExecutor.java:239)\r\n\tat org.openqa.selenium.remote.RemoteWebDriver.execute(RemoteWebDriver.java:552)\r\n\tat io.appium.java_client.DefaultGenericMobileDriver.execute(DefaultGenericMobileDriver.java:41)\r\n\tat io.appium.java_client.AppiumDriver.execute(AppiumDriver.java:1)\r\n\tat io.appium.java_client.android.AndroidDriver.execute(AndroidDriver.java:1)\r\n\tat org.openqa.selenium.remote.RemoteWebDriver.findElement(RemoteWebDriver.java:323)\r\n\tat io.appium.java_client.DefaultGenericMobileDriver.findElement(DefaultGenericMobileDriver.java:61)\r\n\tat io.appium.java_client.AppiumDriver.findElement(AppiumDriver.java:1)\r\n\tat io.appium.java_client.android.AndroidDriver.findElement(AndroidDriver.java:1)\r\n\tat org.openqa.selenium.remote.RemoteWebDriver.findElementById(RemoteWebDriver.java:372)\r\n\tat io.appium.java_client.DefaultGenericMobileDriver.findElementById(DefaultGenericMobileDriver.java:69)\r\n\tat io.appium.java_client.AppiumDriver.findElementById(AppiumDriver.java:1)\r\n\tat io.appium.java_client.android.AndroidDriver.findElementById(AndroidDriver.java:1)\r\n\tat test.RepeatedApp.takeApp_aroundBody8(RepeatedApp.java:128)\r\n\tat test.RepeatedApp$AjcClosure9.run(RepeatedApp.java:1)\r\n\tat org.aspectj.runtime.reflect.JoinPointImpl.proceed(JoinPointImpl.java:149)\r\n\tat io.qameta.allure.aspects.StepsAspects.step(StepsAspects.java:46)\r\n\tat test.RepeatedApp.takeApp(RepeatedApp.java:128)\r\n\tat test.RepeatedApp.take_aroundBody6(RepeatedApp.java:118)\r\n\tat test.RepeatedApp$AjcClosure7.run(RepeatedApp.java:1)\r\n\tat org.aspectj.runtime.reflect.JoinPointImpl.proceed(JoinPointImpl.java:149)\r\n\tat io.qameta.allure.aspects.StepsAspects.step(StepsAspects.java:46)\r\n\tat test.RepeatedApp.take(RepeatedApp.java:115)\r\n\tat test.RepeatedApp.RepeatedApptest(RepeatedApp.java:49)\r\n\tat sun.reflect.NativeMethodAccessorImpl.invoke0(Native Method)\r\n\tat sun.reflect.NativeMethodAccessorImpl.invoke(NativeMethodAccessorImpl.java:62)\r\n\tat sun.reflect.DelegatingMethodAccessorImpl.invoke(DelegatingMethodAccessorImpl.java:43)\r\n\tat java.lang.reflect.Method.invoke(Method.java:498)\r\n\tat org.junit.runners.model.FrameworkMethod$1.runReflectiveCall(FrameworkMethod.java:50)\r\n\tat org.junit.internal.runners.model.ReflectiveCallable.run(ReflectiveCallable.java:12)\r\n\tat org.junit.runners.model.FrameworkMethod.invokeExplosively(FrameworkMethod.java:47)\r\n\tat org.junit.internal.runners.statements.InvokeMethod.evaluate(InvokeMethod.java:17)\r\n\tat org.junit.internal.runners.statements.RunAfters.evaluate(RunAfters.java:27)\r\n\tat org.junit.runners.ParentRunner.runLeaf(ParentRunner.java:325)\r\n\tat org.junit.runners.BlockJUnit4ClassRunner.runChild(BlockJUnit4ClassRunner.java:78)\r\n\tat org.junit.runners.BlockJUnit4ClassRunner.runChild(BlockJUnit4ClassRunner.java:57)\r\n\tat org.junit.runners.ParentRunner$3.run(ParentRunner.java:290)\r\n\tat org.junit.runners.ParentRunner$1.schedule(ParentRunner.java:71)\r\n\tat org.junit.runners.ParentRunner.runChildren(ParentRunner.java:288)\r\n\tat org.junit.runners.ParentRunner.access$000(ParentRunner.java:58)\r\n\tat org.junit.runners.ParentRunner$2.evaluate(ParentRunner.java:268)\r\n\tat org.junit.runners.ParentRunner.run(ParentRunner.java:363)\r\n\tat org.gradle.api.internal.tasks.testing.junit.JUnitTestClassExecutor.runTestClass(JUnitTestClassExecutor.java:110)\r\n\tat org.gradle.api.internal.tasks.testing.junit.JUnitTestClassExecutor.execute(JUnitTestClassExecutor.java:58)\r\n\tat org.gradle.api.internal.tasks.testing.junit.JUnitTestClassExecutor.execute(JUnitTestClassExecutor.java:38)\r\n\tat org.gradle.api.internal.tasks.testing.junit.AbstractJUnitTestClassProcessor.processTestClass(AbstractJUnitTestClassProcessor.java:62)\r\n\tat org.gradle.api.internal.tasks.testing.SuiteTestClassProcessor.processTestClass(SuiteTestClassProcessor.java:51)\r\n\tat sun.reflect.NativeMethodAccessorImpl.invoke0(Native Method)\r\n\tat sun.reflect.NativeMethodAccessorImpl.invoke(NativeMethodAccessorImpl.java:62)\r\n\tat sun.reflect.DelegatingMethodAccessorImpl.invoke(DelegatingMethodAccessorImpl.java:43)\r\n\tat java.lang.reflect.Method.invoke(Method.java:498)\r\n\tat org.gradle.internal.dispatch.ReflectionDispatch.dispatch(ReflectionDispatch.java:35)\r\n\tat org.gradle.internal.dispatch.ReflectionDispatch.dispatch(ReflectionDispatch.java:24)\r\n\tat org.gradle.internal.dispatch.ContextClassLoaderDispatch.dispatch(ContextClassLoaderDispatch.java:32)\r\n\tat org.gradle.internal.dispatch.ProxyDispatchAdapter$DispatchingInvocationHandler.invoke(ProxyDispatchAdapter.java:93)\r\n\tat com.sun.proxy.$Proxy2.processTestClass(Unknown Source)\r\n\tat org.gradle.api.internal.tasks.testing.worker.TestWorker.processTestClass(TestWorker.java:118)\r\n\tat sun.reflect.NativeMethodAccessorImpl.invoke0(Native Method)\r\n\tat sun.reflect.NativeMethodAccessorImpl.invoke(NativeMethodAccessorImpl.java:62)\r\n\tat sun.reflect.DelegatingMethodAccessorImpl.invoke(DelegatingMethodAccessorImpl.java:43)\r\n\tat java.lang.reflect.Method.invoke(Method.java:498)\r\n\tat org.gradle.internal.dispatch.ReflectionDispatch.dispatch(ReflectionDispatch.java:35)\r\n\tat org.gradle.internal.dispatch.ReflectionDispatch.dispatch(ReflectionDispatch.java:24)\r\n\tat org.gradle.internal.remote.internal.hub.MessageHubBackedObjectConnection$DispatchWrapper.dispatch(MessageHubBackedObjectConnection.java:175)\r\n\tat org.gradle.internal.remote.internal.hub.MessageHubBackedObjectConnection$DispatchWrapper.dispatch(MessageHubBackedObjectConnection.java:157)\r\n\tat org.gradle.internal.remote.internal.hub.MessageHub$Handler.run(MessageHub.java:404)\r\n\tat org.gradle.internal.concurrent.ExecutorPolicy$CatchAndRecordFailures.onExecute(ExecutorPolicy.java:63)\r\n\tat org.gradle.internal.concurrent.ManagedExecutorImpl$1.run(ManagedExecutorImpl.java:46)\r\n\tat java.util.concurrent.ThreadPoolExecutor.runWorker(ThreadPoolExecutor.java:1149)\r\n\tat java.util.concurrent.ThreadPoolExecutor$Worker.run(ThreadPoolExecutor.java:624)\r\n\tat org.gradle.internal.concurrent.ThreadFactoryImpl$ManagedThreadRunnable.run(ThreadFactoryImpl.java:55)\r\n\tat java.lang.Thread.run(Thread.java:748)\r\n",
    "steps" : [ {
      "name" : "Инициализация",
      "time" : {
        "start" : 1568644086352,
        "stop" : 1568644097936,
        "duration" : 11584
      },
      "status" : "passed",
      "steps" : [ ],
      "attachments" : [ ],
      "parameters" : [ ],
      "stepsCount" : 0,
      "hasContent" : false,
      "attachmentsCount" : 0,
      "shouldDisplayMessage" : false
    }, {
      "name" : "Шаги после первого запуска",
      "time" : {
        "start" : 1568644097937,
        "stop" : 1568644107891,
        "duration" : 9954
      },
      "status" : "passed",
      "steps" : [ ],
      "attachments" : [ ],
      "parameters" : [ ],
      "stepsCount" : 0,
      "hasContent" : false,
      "attachmentsCount" : 0,
      "shouldDisplayMessage" : false
    }, {
      "name" : "Вход в систему через почтовый адрес",
      "time" : {
        "start" : 1568644107892,
        "stop" : 1568644115930,
        "duration" : 8038
      },
      "status" : "passed",
      "steps" : [ ],
      "attachments" : [ ],
      "parameters" : [ ],
      "stepsCount" : 0,
      "hasContent" : false,
      "attachmentsCount" : 0,
      "shouldDisplayMessage" : false
    }, {
      "name" : "Оформление повторной заявки",
      "time" : {
        "start" : 1568644115931,
        "stop" : 1568644126627,
        "duration" : 10696
      },
      "status" : "broken",
      "statusMessage" : "An element could not be located on the page using the given search parameters.\nFor documentation on this error, please visit: https://www.seleniumhq.org/exceptions/no_such_element.html\nBuild info: version: '3.141.59', revision: 'e82be7d358', time: '2018-11-14T08:17:03'\nSystem info: host: 'LEN-4-2', ip: '192.168.193.2', os.name: 'Windows 10', os.arch: 'amd64', os.version: '10.0', java.version: '1.8.0_202-release'\nDriver info: io.appium.java_client.android.AndroidDriver\nCapabilities {appActivity: .PreloadActivity, appPackage: com.oneclickmoney.ocm, automationName: UiAutomator2, databaseEnabled: false, desired: {appActivity: .PreloadActivity, appPackage: com.oneclickmoney.ocm, automationName: UiAutomator2, deviceName: My Phone, noReset: true, platformName: android, platformVersion: 5.1, udid: emulator-5554, unicodeKeyboard: true}, deviceApiLevel: 22, deviceManufacturer: unknown, deviceModel: Android SDK built for x86, deviceName: emulator-5554, deviceScreenDensity: 480, deviceScreenSize: 1080x1920, deviceUDID: emulator-5554, javascriptEnabled: true, locationContextEnabled: false, networkConnectionEnabled: true, noReset: true, pixelRatio: 3, platform: LINUX, platformName: Android, platformVersion: 5.1.1, statBarHeight: 75, takesScreenshot: true, udid: emulator-5554, unicodeKeyboard: true, viewportRect: {height: 1701, left: 0, top: 75, width: 1080}, warnings: {}, webStorageEnabled: false}\nSession ID: ad626a32-8e22-4724-b86b-4dd86b8accd3\n*** Element info: {Using=id, value=com.oneclickmoney.ocm:id/takeText}",
      "statusTrace" : "org.openqa.selenium.NoSuchElementException: An element could not be located on the page using the given search parameters.\nFor documentation on this error, please visit: https://www.seleniumhq.org/exceptions/no_such_element.html\nBuild info: version: '3.141.59', revision: 'e82be7d358', time: '2018-11-14T08:17:03'\nSystem info: host: 'LEN-4-2', ip: '192.168.193.2', os.name: 'Windows 10', os.arch: 'amd64', os.version: '10.0', java.version: '1.8.0_202-release'\nDriver info: io.appium.java_client.android.AndroidDriver\nCapabilities {appActivity: .PreloadActivity, appPackage: com.oneclickmoney.ocm, automationName: UiAutomator2, databaseEnabled: false, desired: {appActivity: .PreloadActivity, appPackage: com.oneclickmoney.ocm, automationName: UiAutomator2, deviceName: My Phone, noReset: true, platformName: android, platformVersion: 5.1, udid: emulator-5554, unicodeKeyboard: true}, deviceApiLevel: 22, deviceManufacturer: unknown, deviceModel: Android SDK built for x86, deviceName: emulator-5554, deviceScreenDensity: 480, deviceScreenSize: 1080x1920, deviceUDID: emulator-5554, javascriptEnabled: true, locationContextEnabled: false, networkConnectionEnabled: true, noReset: true, pixelRatio: 3, platform: LINUX, platformName: Android, platformVersion: 5.1.1, statBarHeight: 75, takesScreenshot: true, udid: emulator-5554, unicodeKeyboard: true, viewportRect: {height: 1701, left: 0, top: 75, width: 1080}, warnings: {}, webStorageEnabled: false}\nSession ID: ad626a32-8e22-4724-b86b-4dd86b8accd3\n*** Element info: {Using=id, value=com.oneclickmoney.ocm:id/takeText}\r\n\tat sun.reflect.NativeConstructorAccessorImpl.newInstance0(Native Method)\r\n\tat sun.reflect.NativeConstructorAccessorImpl.newInstance(NativeConstructorAccessorImpl.java:62)\r\n\tat sun.reflect.DelegatingConstructorAccessorImpl.newInstance(DelegatingConstructorAccessorImpl.java:45)\r\n\tat java.lang.reflect.Constructor.newInstance(Constructor.java:423)\r\n\tat org.openqa.selenium.remote.http.W3CHttpResponseCodec.createException(W3CHttpResponseCodec.java:187)\r\n\tat org.openqa.selenium.remote.http.W3CHttpResponseCodec.decode(W3CHttpResponseCodec.java:122)\r\n\tat org.openqa.selenium.remote.http.W3CHttpResponseCodec.decode(W3CHttpResponseCodec.java:49)\r\n\tat org.openqa.selenium.remote.HttpCommandExecutor.execute(HttpCommandExecutor.java:158)\r\n\tat io.appium.java_client.remote.AppiumCommandExecutor.execute(AppiumCommandExecutor.java:239)\r\n\tat org.openqa.selenium.remote.RemoteWebDriver.execute(RemoteWebDriver.java:552)\r\n\tat io.appium.java_client.DefaultGenericMobileDriver.execute(DefaultGenericMobileDriver.java:41)\r\n\tat io.appium.java_client.AppiumDriver.execute(AppiumDriver.java:1)\r\n\tat io.appium.java_client.android.AndroidDriver.execute(AndroidDriver.java:1)\r\n\tat org.openqa.selenium.remote.RemoteWebDriver.findElement(RemoteWebDriver.java:323)\r\n\tat io.appium.java_client.DefaultGenericMobileDriver.findElement(DefaultGenericMobileDriver.java:61)\r\n\tat io.appium.java_client.AppiumDriver.findElement(AppiumDriver.java:1)\r\n\tat io.appium.java_client.android.AndroidDriver.findElement(AndroidDriver.java:1)\r\n\tat org.openqa.selenium.remote.RemoteWebDriver.findElementById(RemoteWebDriver.java:372)\r\n\tat io.appium.java_client.DefaultGenericMobileDriver.findElementById(DefaultGenericMobileDriver.java:69)\r\n\tat io.appium.java_client.AppiumDriver.findElementById(AppiumDriver.java:1)\r\n\tat io.appium.java_client.android.AndroidDriver.findElementById(AndroidDriver.java:1)\r\n\tat test.RepeatedApp.takeApp_aroundBody8(RepeatedApp.java:128)\r\n\tat test.RepeatedApp$AjcClosure9.run(RepeatedApp.java:1)\r\n\tat org.aspectj.runtime.reflect.JoinPointImpl.proceed(JoinPointImpl.java:149)\r\n\tat io.qameta.allure.aspects.StepsAspects.step(StepsAspects.java:46)\r\n\tat test.RepeatedApp.takeApp(RepeatedApp.java:128)\r\n\tat test.RepeatedApp.take_aroundBody6(RepeatedApp.java:118)\r\n\tat test.RepeatedApp$AjcClosure7.run(RepeatedApp.java:1)\r\n\tat org.aspectj.runtime.reflect.JoinPointImpl.proceed(JoinPointImpl.java:149)\r\n\tat io.qameta.allure.aspects.StepsAspects.step(StepsAspects.java:46)\r\n\tat test.RepeatedApp.take(RepeatedApp.java:115)\r\n\tat test.RepeatedApp.RepeatedApptest(RepeatedApp.java:49)\r\n\tat sun.reflect.NativeMethodAccessorImpl.invoke0(Native Method)\r\n\tat sun.reflect.NativeMethodAccessorImpl.invoke(NativeMethodAccessorImpl.java:62)\r\n\tat sun.reflect.DelegatingMethodAccessorImpl.invoke(DelegatingMethodAccessorImpl.java:43)\r\n\tat java.lang.reflect.Method.invoke(Method.java:498)\r\n\tat org.junit.runners.model.FrameworkMethod$1.runReflectiveCall(FrameworkMethod.java:50)\r\n\tat org.junit.internal.runners.model.ReflectiveCallable.run(ReflectiveCallable.java:12)\r\n\tat org.junit.runners.model.FrameworkMethod.invokeExplosively(FrameworkMethod.java:47)\r\n\tat org.junit.internal.runners.statements.InvokeMethod.evaluate(InvokeMethod.java:17)\r\n\tat org.junit.internal.runners.statements.RunAfters.evaluate(RunAfters.java:27)\r\n\tat org.junit.runners.ParentRunner.runLeaf(ParentRunner.java:325)\r\n\tat org.junit.runners.BlockJUnit4ClassRunner.runChild(BlockJUnit4ClassRunner.java:78)\r\n\tat org.junit.runners.BlockJUnit4ClassRunner.runChild(BlockJUnit4ClassRunner.java:57)\r\n\tat org.junit.runners.ParentRunner$3.run(ParentRunner.java:290)\r\n\tat org.junit.runners.ParentRunner$1.schedule(ParentRunner.java:71)\r\n\tat org.junit.runners.ParentRunner.runChildren(ParentRunner.java:288)\r\n\tat org.junit.runners.ParentRunner.access$000(ParentRunner.java:58)\r\n\tat org.junit.runners.ParentRunner$2.evaluate(ParentRunner.java:268)\r\n\tat org.junit.runners.ParentRunner.run(ParentRunner.java:363)\r\n\tat org.gradle.api.internal.tasks.testing.junit.JUnitTestClassExecutor.runTestClass(JUnitTestClassExecutor.java:110)\r\n\tat org.gradle.api.internal.tasks.testing.junit.JUnitTestClassExecutor.execute(JUnitTestClassExecutor.java:58)\r\n\tat org.gradle.api.internal.tasks.testing.junit.JUnitTestClassExecutor.execute(JUnitTestClassExecutor.java:38)\r\n\tat org.gradle.api.internal.tasks.testing.junit.AbstractJUnitTestClassProcessor.processTestClass(AbstractJUnitTestClassProcessor.java:62)\r\n\tat org.gradle.api.internal.tasks.testing.SuiteTestClassProcessor.processTestClass(SuiteTestClassProcessor.java:51)\r\n\tat sun.reflect.NativeMethodAccessorImpl.invoke0(Native Method)\r\n\tat sun.reflect.NativeMethodAccessorImpl.invoke(NativeMethodAccessorImpl.java:62)\r\n\tat sun.reflect.DelegatingMethodAccessorImpl.invoke(DelegatingMethodAccessorImpl.java:43)\r\n\tat java.lang.reflect.Method.invoke(Method.java:498)\r\n\tat org.gradle.internal.dispatch.ReflectionDispatch.dispatch(ReflectionDispatch.java:35)\r\n\tat org.gradle.internal.dispatch.ReflectionDispatch.dispatch(ReflectionDispatch.java:24)\r\n\tat org.gradle.internal.dispatch.ContextClassLoaderDispatch.dispatch(ContextClassLoaderDispatch.java:32)\r\n\tat org.gradle.internal.dispatch.ProxyDispatchAdapter$DispatchingInvocationHandler.invoke(ProxyDispatchAdapter.java:93)\r\n\tat com.sun.proxy.$Proxy2.processTestClass(Unknown Source)\r\n\tat org.gradle.api.internal.tasks.testing.worker.TestWorker.processTestClass(TestWorker.java:118)\r\n\tat sun.reflect.NativeMethodAccessorImpl.invoke0(Native Method)\r\n\tat sun.reflect.NativeMethodAccessorImpl.invoke(NativeMethodAccessorImpl.java:62)\r\n\tat sun.reflect.DelegatingMethodAccessorImpl.invoke(DelegatingMethodAccessorImpl.java:43)\r\n\tat java.lang.reflect.Method.invoke(Method.java:498)\r\n\tat org.gradle.internal.dispatch.ReflectionDispatch.dispatch(ReflectionDispatch.java:35)\r\n\tat org.gradle.internal.dispatch.ReflectionDispatch.dispatch(ReflectionDispatch.java:24)\r\n\tat org.gradle.internal.remote.internal.hub.MessageHubBackedObjectConnection$DispatchWrapper.dispatch(MessageHubBackedObjectConnection.java:175)\r\n\tat org.gradle.internal.remote.internal.hub.MessageHubBackedObjectConnection$DispatchWrapper.dispatch(MessageHubBackedObjectConnection.java:157)\r\n\tat org.gradle.internal.remote.internal.hub.MessageHub$Handler.run(MessageHub.java:404)\r\n\tat org.gradle.internal.concurrent.ExecutorPolicy$CatchAndRecordFailures.onExecute(ExecutorPolicy.java:63)\r\n\tat org.gradle.internal.concurrent.ManagedExecutorImpl$1.run(ManagedExecutorImpl.java:46)\r\n\tat java.util.concurrent.ThreadPoolExecutor.runWorker(ThreadPoolExecutor.java:1149)\r\n\tat java.util.concurrent.ThreadPoolExecutor$Worker.run(ThreadPoolExecutor.java:624)\r\n\tat org.gradle.internal.concurrent.ThreadFactoryImpl$ManagedThreadRunnable.run(ThreadFactoryImpl.java:55)\r\n\tat java.lang.Thread.run(Thread.java:748)\r\n",
      "steps" : [ {
        "name" : "Нажатие кнопки оформления заявки",
        "time" : {
          "start" : 1568644116091,
          "stop" : 1568644126626,
          "duration" : 10535
        },
        "status" : "broken",
        "statusMessage" : "An element could not be located on the page using the given search parameters.\nFor documentation on this error, please visit: https://www.seleniumhq.org/exceptions/no_such_element.html\nBuild info: version: '3.141.59', revision: 'e82be7d358', time: '2018-11-14T08:17:03'\nSystem info: host: 'LEN-4-2', ip: '192.168.193.2', os.name: 'Windows 10', os.arch: 'amd64', os.version: '10.0', java.version: '1.8.0_202-release'\nDriver info: io.appium.java_client.android.AndroidDriver\nCapabilities {appActivity: .PreloadActivity, appPackage: com.oneclickmoney.ocm, automationName: UiAutomator2, databaseEnabled: false, desired: {appActivity: .PreloadActivity, appPackage: com.oneclickmoney.ocm, automationName: UiAutomator2, deviceName: My Phone, noReset: true, platformName: android, platformVersion: 5.1, udid: emulator-5554, unicodeKeyboard: true}, deviceApiLevel: 22, deviceManufacturer: unknown, deviceModel: Android SDK built for x86, deviceName: emulator-5554, deviceScreenDensity: 480, deviceScreenSize: 1080x1920, deviceUDID: emulator-5554, javascriptEnabled: true, locationContextEnabled: false, networkConnectionEnabled: true, noReset: true, pixelRatio: 3, platform: LINUX, platformName: Android, platformVersion: 5.1.1, statBarHeight: 75, takesScreenshot: true, udid: emulator-5554, unicodeKeyboard: true, viewportRect: {height: 1701, left: 0, top: 75, width: 1080}, warnings: {}, webStorageEnabled: false}\nSession ID: ad626a32-8e22-4724-b86b-4dd86b8accd3\n*** Element info: {Using=id, value=com.oneclickmoney.ocm:id/takeText}",
        "statusTrace" : "org.openqa.selenium.NoSuchElementException: An element could not be located on the page using the given search parameters.\nFor documentation on this error, please visit: https://www.seleniumhq.org/exceptions/no_such_element.html\nBuild info: version: '3.141.59', revision: 'e82be7d358', time: '2018-11-14T08:17:03'\nSystem info: host: 'LEN-4-2', ip: '192.168.193.2', os.name: 'Windows 10', os.arch: 'amd64', os.version: '10.0', java.version: '1.8.0_202-release'\nDriver info: io.appium.java_client.android.AndroidDriver\nCapabilities {appActivity: .PreloadActivity, appPackage: com.oneclickmoney.ocm, automationName: UiAutomator2, databaseEnabled: false, desired: {appActivity: .PreloadActivity, appPackage: com.oneclickmoney.ocm, automationName: UiAutomator2, deviceName: My Phone, noReset: true, platformName: android, platformVersion: 5.1, udid: emulator-5554, unicodeKeyboard: true}, deviceApiLevel: 22, deviceManufacturer: unknown, deviceModel: Android SDK built for x86, deviceName: emulator-5554, deviceScreenDensity: 480, deviceScreenSize: 1080x1920, deviceUDID: emulator-5554, javascriptEnabled: true, locationContextEnabled: false, networkConnectionEnabled: true, noReset: true, pixelRatio: 3, platform: LINUX, platformName: Android, platformVersion: 5.1.1, statBarHeight: 75, takesScreenshot: true, udid: emulator-5554, unicodeKeyboard: true, viewportRect: {height: 1701, left: 0, top: 75, width: 1080}, warnings: {}, webStorageEnabled: false}\nSession ID: ad626a32-8e22-4724-b86b-4dd86b8accd3\n*** Element info: {Using=id, value=com.oneclickmoney.ocm:id/takeText}\r\n\tat sun.reflect.NativeConstructorAccessorImpl.newInstance0(Native Method)\r\n\tat sun.reflect.NativeConstructorAccessorImpl.newInstance(NativeConstructorAccessorImpl.java:62)\r\n\tat sun.reflect.DelegatingConstructorAccessorImpl.newInstance(DelegatingConstructorAccessorImpl.java:45)\r\n\tat java.lang.reflect.Constructor.newInstance(Constructor.java:423)\r\n\tat org.openqa.selenium.remote.http.W3CHttpResponseCodec.createException(W3CHttpResponseCodec.java:187)\r\n\tat org.openqa.selenium.remote.http.W3CHttpResponseCodec.decode(W3CHttpResponseCodec.java:122)\r\n\tat org.openqa.selenium.remote.http.W3CHttpResponseCodec.decode(W3CHttpResponseCodec.java:49)\r\n\tat org.openqa.selenium.remote.HttpCommandExecutor.execute(HttpCommandExecutor.java:158)\r\n\tat io.appium.java_client.remote.AppiumCommandExecutor.execute(AppiumCommandExecutor.java:239)\r\n\tat org.openqa.selenium.remote.RemoteWebDriver.execute(RemoteWebDriver.java:552)\r\n\tat io.appium.java_client.DefaultGenericMobileDriver.execute(DefaultGenericMobileDriver.java:41)\r\n\tat io.appium.java_client.AppiumDriver.execute(AppiumDriver.java:1)\r\n\tat io.appium.java_client.android.AndroidDriver.execute(AndroidDriver.java:1)\r\n\tat org.openqa.selenium.remote.RemoteWebDriver.findElement(RemoteWebDriver.java:323)\r\n\tat io.appium.java_client.DefaultGenericMobileDriver.findElement(DefaultGenericMobileDriver.java:61)\r\n\tat io.appium.java_client.AppiumDriver.findElement(AppiumDriver.java:1)\r\n\tat io.appium.java_client.android.AndroidDriver.findElement(AndroidDriver.java:1)\r\n\tat org.openqa.selenium.remote.RemoteWebDriver.findElementById(RemoteWebDriver.java:372)\r\n\tat io.appium.java_client.DefaultGenericMobileDriver.findElementById(DefaultGenericMobileDriver.java:69)\r\n\tat io.appium.java_client.AppiumDriver.findElementById(AppiumDriver.java:1)\r\n\tat io.appium.java_client.android.AndroidDriver.findElementById(AndroidDriver.java:1)\r\n\tat test.RepeatedApp.takeApp_aroundBody8(RepeatedApp.java:128)\r\n\tat test.RepeatedApp$AjcClosure9.run(RepeatedApp.java:1)\r\n\tat org.aspectj.runtime.reflect.JoinPointImpl.proceed(JoinPointImpl.java:149)\r\n\tat io.qameta.allure.aspects.StepsAspects.step(StepsAspects.java:46)\r\n\tat test.RepeatedApp.takeApp(RepeatedApp.java:128)\r\n\tat test.RepeatedApp.take_aroundBody6(RepeatedApp.java:118)\r\n\tat test.RepeatedApp$AjcClosure7.run(RepeatedApp.java:1)\r\n\tat org.aspectj.runtime.reflect.JoinPointImpl.proceed(JoinPointImpl.java:149)\r\n\tat io.qameta.allure.aspects.StepsAspects.step(StepsAspects.java:46)\r\n\tat test.RepeatedApp.take(RepeatedApp.java:115)\r\n\tat test.RepeatedApp.RepeatedApptest(RepeatedApp.java:49)\r\n\tat sun.reflect.NativeMethodAccessorImpl.invoke0(Native Method)\r\n\tat sun.reflect.NativeMethodAccessorImpl.invoke(NativeMethodAccessorImpl.java:62)\r\n\tat sun.reflect.DelegatingMethodAccessorImpl.invoke(DelegatingMethodAccessorImpl.java:43)\r\n\tat java.lang.reflect.Method.invoke(Method.java:498)\r\n\tat org.junit.runners.model.FrameworkMethod$1.runReflectiveCall(FrameworkMethod.java:50)\r\n\tat org.junit.internal.runners.model.ReflectiveCallable.run(ReflectiveCallable.java:12)\r\n\tat org.junit.runners.model.FrameworkMethod.invokeExplosively(FrameworkMethod.java:47)\r\n\tat org.junit.internal.runners.statements.InvokeMethod.evaluate(InvokeMethod.java:17)\r\n\tat org.junit.internal.runners.statements.RunAfters.evaluate(RunAfters.java:27)\r\n\tat org.junit.runners.ParentRunner.runLeaf(ParentRunner.java:325)\r\n\tat org.junit.runners.BlockJUnit4ClassRunner.runChild(BlockJUnit4ClassRunner.java:78)\r\n\tat org.junit.runners.BlockJUnit4ClassRunner.runChild(BlockJUnit4ClassRunner.java:57)\r\n\tat org.junit.runners.ParentRunner$3.run(ParentRunner.java:290)\r\n\tat org.junit.runners.ParentRunner$1.schedule(ParentRunner.java:71)\r\n\tat org.junit.runners.ParentRunner.runChildren(ParentRunner.java:288)\r\n\tat org.junit.runners.ParentRunner.access$000(ParentRunner.java:58)\r\n\tat org.junit.runners.ParentRunner$2.evaluate(ParentRunner.java:268)\r\n\tat org.junit.runners.ParentRunner.run(ParentRunner.java:363)\r\n\tat org.gradle.api.internal.tasks.testing.junit.JUnitTestClassExecutor.runTestClass(JUnitTestClassExecutor.java:110)\r\n\tat org.gradle.api.internal.tasks.testing.junit.JUnitTestClassExecutor.execute(JUnitTestClassExecutor.java:58)\r\n\tat org.gradle.api.internal.tasks.testing.junit.JUnitTestClassExecutor.execute(JUnitTestClassExecutor.java:38)\r\n\tat org.gradle.api.internal.tasks.testing.junit.AbstractJUnitTestClassProcessor.processTestClass(AbstractJUnitTestClassProcessor.java:62)\r\n\tat org.gradle.api.internal.tasks.testing.SuiteTestClassProcessor.processTestClass(SuiteTestClassProcessor.java:51)\r\n\tat sun.reflect.NativeMethodAccessorImpl.invoke0(Native Method)\r\n\tat sun.reflect.NativeMethodAccessorImpl.invoke(NativeMethodAccessorImpl.java:62)\r\n\tat sun.reflect.DelegatingMethodAccessorImpl.invoke(DelegatingMethodAccessorImpl.java:43)\r\n\tat java.lang.reflect.Method.invoke(Method.java:498)\r\n\tat org.gradle.internal.dispatch.ReflectionDispatch.dispatch(ReflectionDispatch.java:35)\r\n\tat org.gradle.internal.dispatch.ReflectionDispatch.dispatch(ReflectionDispatch.java:24)\r\n\tat org.gradle.internal.dispatch.ContextClassLoaderDispatch.dispatch(ContextClassLoaderDispatch.java:32)\r\n\tat org.gradle.internal.dispatch.ProxyDispatchAdapter$DispatchingInvocationHandler.invoke(ProxyDispatchAdapter.java:93)\r\n\tat com.sun.proxy.$Proxy2.processTestClass(Unknown Source)\r\n\tat org.gradle.api.internal.tasks.testing.worker.TestWorker.processTestClass(TestWorker.java:118)\r\n\tat sun.reflect.NativeMethodAccessorImpl.invoke0(Native Method)\r\n\tat sun.reflect.NativeMethodAccessorImpl.invoke(NativeMethodAccessorImpl.java:62)\r\n\tat sun.reflect.DelegatingMethodAccessorImpl.invoke(DelegatingMethodAccessorImpl.java:43)\r\n\tat java.lang.reflect.Method.invoke(Method.java:498)\r\n\tat org.gradle.internal.dispatch.ReflectionDispatch.dispatch(ReflectionDispatch.java:35)\r\n\tat org.gradle.internal.dispatch.ReflectionDispatch.dispatch(ReflectionDispatch.java:24)\r\n\tat org.gradle.internal.remote.internal.hub.MessageHubBackedObjectConnection$DispatchWrapper.dispatch(MessageHubBackedObjectConnection.java:175)\r\n\tat org.gradle.internal.remote.internal.hub.MessageHubBackedObjectConnection$DispatchWrapper.dispatch(MessageHubBackedObjectConnection.java:157)\r\n\tat org.gradle.internal.remote.internal.hub.MessageHub$Handler.run(MessageHub.java:404)\r\n\tat org.gradle.internal.concurrent.ExecutorPolicy$CatchAndRecordFailures.onExecute(ExecutorPolicy.java:63)\r\n\tat org.gradle.internal.concurrent.ManagedExecutorImpl$1.run(ManagedExecutorImpl.java:46)\r\n\tat java.util.concurrent.ThreadPoolExecutor.runWorker(ThreadPoolExecutor.java:1149)\r\n\tat java.util.concurrent.ThreadPoolExecutor$Worker.run(ThreadPoolExecutor.java:624)\r\n\tat org.gradle.internal.concurrent.ThreadFactoryImpl$ManagedThreadRunnable.run(ThreadFactoryImpl.java:55)\r\n\tat java.lang.Thread.run(Thread.java:748)\r\n",
        "steps" : [ ],
        "attachments" : [ ],
        "parameters" : [ ],
        "stepsCount" : 0,
        "hasContent" : true,
        "attachmentsCount" : 0,
        "shouldDisplayMessage" : true
      } ],
      "attachments" : [ ],
      "parameters" : [ ],
      "stepsCount" : 1,
      "hasContent" : true,
      "attachmentsCount" : 0,
      "shouldDisplayMessage" : false
    } ],
    "attachments" : [ {
      "uid" : "8f6a1a2861ffa994",
      "name" : "Logs",
      "source" : "8f6a1a2861ffa994.txt",
      "type" : "text/plain",
      "size" : 0
    } ],
    "parameters" : [ ],
    "stepsCount" : 5,
    "hasContent" : true,
    "attachmentsCount" : 1,
    "shouldDisplayMessage" : false
  },
  "afterStages" : [ ],
  "labels" : [ {
    "name" : "package",
    "value" : "test"
  }, {
    "name" : "testClass",
    "value" : "test.RepeatedApp"
  }, {
    "name" : "testMethod",
    "value" : "RepeatedApptest"
  }, {
    "name" : "suite",
    "value" : "test.RepeatedApp"
  }, {
    "name" : "host",
    "value" : "Len-4-2"
  }, {
    "name" : "thread",
    "value" : "5348@Len-4-2.Test worker(11)"
  }, {
    "name" : "epic",
    "value" : "Автотест для проверки повторной заявки пользователя"
  }, {
    "name" : "resultFormat",
    "value" : "allure2"
  } ],
  "parameters" : [ ],
  "links" : [ ],
  "hidden" : false,
  "retry" : false,
  "extra" : {
    "severity" : "normal",
    "retries" : [ {
      "uid" : "d736dc0d946375ad",
      "status" : "broken",
      "statusDetails" : "An element could not be located on the page using the given search parameters.\nFor documentation on this error, please visit: https://www.seleniumhq.org/exceptions/no_such_element.html\nBuild info: version: '3.141.59', revision: 'e82be7d358', time: '2018-11-14T08:17:03'\nSystem info: host: 'LEN-4-2', ip: '192.168.193.2', os.name: 'Windows 10', os.arch: 'amd64', os.version: '10.0', java.version: '1.8.0_202-release'\nDriver info: io.appium.java_client.android.AndroidDriver\nCapabilities {appActivity: .PreloadActivity, appPackage: com.oneclickmoney.ocm, automationName: UiAutomator2, databaseEnabled: false, desired: {appActivity: .PreloadActivity, appPackage: com.oneclickmoney.ocm, automationName: UiAutomator2, deviceName: My Phone, noReset: true, platformName: android, platformVersion: 5.1, udid: emulator-5554, unicodeKeyboard: true}, deviceApiLevel: 22, deviceManufacturer: unknown, deviceModel: Android SDK built for x86, deviceName: emulator-5554, deviceScreenDensity: 480, deviceScreenSize: 1080x1920, deviceUDID: emulator-5554, javascriptEnabled: true, locationContextEnabled: false, networkConnectionEnabled: true, noReset: true, pixelRatio: 3, platform: LINUX, platformName: Android, platformVersion: 5.1.1, statBarHeight: 75, takesScreenshot: true, udid: emulator-5554, unicodeKeyboard: true, viewportRect: {height: 1701, left: 0, top: 75, width: 1080}, warnings: {}, webStorageEnabled: false}\nSession ID: 379add9c-2f93-4bd9-81a0-1d22281d747c\n*** Element info: {Using=id, value=com.oneclickmoney.ocm:id/takeText}",
      "time" : {
        "start" : 1568643558999,
        "stop" : 1568643602401,
        "duration" : 43402
      }
    }, {
      "uid" : "5e3298501e7c641",
      "status" : "broken",
      "statusDetails" : "An element could not be located on the page using the given search parameters.\nFor documentation on this error, please visit: https://www.seleniumhq.org/exceptions/no_such_element.html\nBuild info: version: '3.141.59', revision: 'e82be7d358', time: '2018-11-14T08:17:03'\nSystem info: host: 'LEN-4-2', ip: '192.168.193.2', os.name: 'Windows 10', os.arch: 'amd64', os.version: '10.0', java.version: '1.8.0_202-release'\nDriver info: io.appium.java_client.android.AndroidDriver\nCapabilities {appActivity: .PreloadActivity, appPackage: com.oneclickmoney.ocm, automationName: UiAutomator2, databaseEnabled: false, desired: {appActivity: .PreloadActivity, appPackage: com.oneclickmoney.ocm, automationName: UiAutomator2, deviceName: My Phone, noReset: true, platformName: android, platformVersion: 5.1, udid: emulator-5554, unicodeKeyboard: true}, deviceApiLevel: 22, deviceManufacturer: unknown, deviceModel: Android SDK built for x86, deviceName: emulator-5554, deviceScreenDensity: 480, deviceScreenSize: 1080x1920, deviceUDID: emulator-5554, javascriptEnabled: true, locationContextEnabled: false, networkConnectionEnabled: true, noReset: true, pixelRatio: 3, platform: LINUX, platformName: Android, platformVersion: 5.1.1, statBarHeight: 75, takesScreenshot: true, udid: emulator-5554, unicodeKeyboard: true, viewportRect: {height: 1701, left: 0, top: 75, width: 1080}, warnings: {}, webStorageEnabled: false}\nSession ID: 9281ce5b-fa8c-4c1e-82e0-5f21f226b707\n*** Element info: {Using=id, value=com.oneclickmoney.ocm:id/takeText}",
      "time" : {
        "start" : 1568642658649,
        "stop" : 1568642699907,
        "duration" : 41258
      }
    }, {
      "uid" : "bd9c483bed937e62",
      "status" : "broken",
      "statusDetails" : "An element could not be located on the page using the given search parameters.\nFor documentation on this error, please visit: https://www.seleniumhq.org/exceptions/no_such_element.html\nBuild info: version: '3.141.59', revision: 'e82be7d358', time: '2018-11-14T08:17:03'\nSystem info: host: 'LEN-4-2', ip: '192.168.193.2', os.name: 'Windows 10', os.arch: 'amd64', os.version: '10.0', java.version: '1.8.0_202-release'\nDriver info: io.appium.java_client.android.AndroidDriver\nCapabilities {appActivity: .PreloadActivity, appPackage: com.oneclickmoney.ocm, automationName: UiAutomator2, databaseEnabled: false, desired: {appActivity: .PreloadActivity, appPackage: com.oneclickmoney.ocm, automationName: UiAutomator2, deviceName: My Phone, noReset: true, platformName: android, platformVersion: 5.1, udid: emulator-5554, unicodeKeyboard: true}, deviceApiLevel: 22, deviceManufacturer: unknown, deviceModel: Android SDK built for x86, deviceName: emulator-5554, deviceScreenDensity: 480, deviceScreenSize: 1080x1920, deviceUDID: emulator-5554, javascriptEnabled: true, locationContextEnabled: false, networkConnectionEnabled: true, noReset: true, pixelRatio: 3, platform: LINUX, platformName: Android, platformVersion: 5.1.1, statBarHeight: 75, takesScreenshot: true, udid: emulator-5554, unicodeKeyboard: true, viewportRect: {height: 1701, left: 0, top: 75, width: 1080}, warnings: {}, webStorageEnabled: false}\nSession ID: 0b7a5354-8446-451a-8e72-30c1fa19ea16\n*** Element info: {Using=id, value=com.oneclickmoney.ocm:id/takeText}",
      "time" : {
        "start" : 1568641754300,
        "stop" : 1568641797510,
        "duration" : 43210
      }
    }, {
      "uid" : "128b8fedf527bde0",
      "status" : "broken",
      "statusDetails" : "An element could not be located on the page using the given search parameters.\nFor documentation on this error, please visit: https://www.seleniumhq.org/exceptions/no_such_element.html\nBuild info: version: '3.141.59', revision: 'e82be7d358', time: '2018-11-14T08:17:03'\nSystem info: host: 'LEN-4-2', ip: '192.168.193.2', os.name: 'Windows 10', os.arch: 'amd64', os.version: '10.0', java.version: '1.8.0_202-release'\nDriver info: io.appium.java_client.android.AndroidDriver\nCapabilities {appActivity: .PreloadActivity, appPackage: com.oneclickmoney.ocm, automationName: UiAutomator2, databaseEnabled: false, desired: {appActivity: .PreloadActivity, appPackage: com.oneclickmoney.ocm, automationName: UiAutomator2, deviceName: My Phone, noReset: true, platformName: android, platformVersion: 5.1, udid: emulator-5554, unicodeKeyboard: true}, deviceApiLevel: 22, deviceManufacturer: unknown, deviceModel: Android SDK built for x86, deviceName: emulator-5554, deviceScreenDensity: 480, deviceScreenSize: 1080x1920, deviceUDID: emulator-5554, javascriptEnabled: true, locationContextEnabled: false, networkConnectionEnabled: true, noReset: true, pixelRatio: 3, platform: LINUX, platformName: Android, platformVersion: 5.1.1, statBarHeight: 75, takesScreenshot: true, udid: emulator-5554, unicodeKeyboard: true, viewportRect: {height: 1701, left: 0, top: 75, width: 1080}, warnings: {}, webStorageEnabled: false}\nSession ID: 38bc94e9-360d-497d-8ce0-9efc43d3c62e\n*** Element info: {Using=id, value=com.oneclickmoney.ocm:id/takeText}",
      "time" : {
        "start" : 1568640989019,
        "stop" : 1568641034601,
        "duration" : 45582
      }
    }, {
      "uid" : "9115609faa0ea060",
      "status" : "broken",
      "statusDetails" : "An element could not be located on the page using the given search parameters.\nFor documentation on this error, please visit: https://www.seleniumhq.org/exceptions/no_such_element.html\nBuild info: version: '3.141.59', revision: 'e82be7d358', time: '2018-11-14T08:17:03'\nSystem info: host: 'LEN-4-2', ip: '192.168.193.2', os.name: 'Windows 10', os.arch: 'amd64', os.version: '10.0', java.version: '1.8.0_202-release'\nDriver info: io.appium.java_client.android.AndroidDriver\nCapabilities {appActivity: .PreloadActivity, appPackage: com.oneclickmoney.ocm, automationName: UiAutomator2, databaseEnabled: false, desired: {appActivity: .PreloadActivity, appPackage: com.oneclickmoney.ocm, automationName: UiAutomator2, deviceName: My Phone, noReset: true, platformName: android, platformVersion: 5.1, udid: emulator-5554, unicodeKeyboard: true}, deviceApiLevel: 22, deviceManufacturer: unknown, deviceModel: Android SDK built for x86, deviceName: emulator-5554, deviceScreenDensity: 480, deviceScreenSize: 1080x1920, deviceUDID: emulator-5554, javascriptEnabled: true, locationContextEnabled: false, networkConnectionEnabled: true, noReset: true, pixelRatio: 3, platform: LINUX, platformName: Android, platformVersion: 5.1.1, statBarHeight: 75, takesScreenshot: true, udid: emulator-5554, unicodeKeyboard: true, viewportRect: {height: 1701, left: 0, top: 75, width: 1080}, warnings: {}, webStorageEnabled: false}\nSession ID: d3fe429e-eecd-45ef-9354-e89ede5605c7\n*** Element info: {Using=id, value=com.oneclickmoney.ocm:id/takeText}",
      "time" : {
        "start" : 1568640149508,
        "stop" : 1568640184476,
        "duration" : 34968
      }
    }, {
      "uid" : "18483ffd5105a295",
      "status" : "broken",
      "statusDetails" : "An element could not be located on the page using the given search parameters.\nFor documentation on this error, please visit: https://www.seleniumhq.org/exceptions/no_such_element.html\nBuild info: version: '3.141.59', revision: 'e82be7d358', time: '2018-11-14T08:17:03'\nSystem info: host: 'LEN-4-2', ip: '192.168.193.2', os.name: 'Windows 10', os.arch: 'amd64', os.version: '10.0', java.version: '1.8.0_202-release'\nDriver info: io.appium.java_client.android.AndroidDriver\nCapabilities {appActivity: .PreloadActivity, appPackage: com.oneclickmoney.ocm, automationName: UiAutomator2, databaseEnabled: false, desired: {appActivity: .PreloadActivity, appPackage: com.oneclickmoney.ocm, automationName: UiAutomator2, deviceName: My Phone, noReset: true, platformName: android, platformVersion: 5.1, udid: emulator-5554, unicodeKeyboard: true}, deviceApiLevel: 22, deviceManufacturer: unknown, deviceModel: Android SDK built for x86, deviceName: emulator-5554, deviceScreenDensity: 480, deviceScreenSize: 1080x1920, deviceUDID: emulator-5554, javascriptEnabled: true, locationContextEnabled: false, networkConnectionEnabled: true, noReset: true, pixelRatio: 3, platform: LINUX, platformName: Android, platformVersion: 5.1.1, statBarHeight: 75, takesScreenshot: true, udid: emulator-5554, unicodeKeyboard: true, viewportRect: {height: 1701, left: 0, top: 75, width: 1080}, warnings: {}, webStorageEnabled: false}\nSession ID: 0ffc1f80-97e7-49ed-9dd8-b98d61dbc485\n*** Element info: {Using=id, value=com.oneclickmoney.ocm:id/takeText}",
      "time" : {
        "start" : 1568639762580,
        "stop" : 1568639796910,
        "duration" : 34330
      }
    }, {
      "uid" : "8c0039d982b52c9d",
      "status" : "broken",
      "statusDetails" : "An element could not be located on the page using the given search parameters.\nFor documentation on this error, please visit: https://www.seleniumhq.org/exceptions/no_such_element.html\nBuild info: version: '3.141.59', revision: 'e82be7d358', time: '2018-11-14T08:17:03'\nSystem info: host: 'LEN-4-2', ip: '192.168.193.2', os.name: 'Windows 10', os.arch: 'amd64', os.version: '10.0', java.version: '1.8.0_202-release'\nDriver info: io.appium.java_client.android.AndroidDriver\nCapabilities {appActivity: .PreloadActivity, appPackage: com.oneclickmoney.ocm, automationName: UiAutomator2, databaseEnabled: false, desired: {appActivity: .PreloadActivity, appPackage: com.oneclickmoney.ocm, automationName: UiAutomator2, deviceName: My Phone, noReset: true, platformName: android, platformVersion: 5.1, udid: emulator-5554, unicodeKeyboard: true}, deviceApiLevel: 22, deviceManufacturer: unknown, deviceModel: Android SDK built for x86, deviceName: emulator-5554, deviceScreenDensity: 480, deviceScreenSize: 1080x1920, deviceUDID: emulator-5554, javascriptEnabled: true, locationContextEnabled: false, networkConnectionEnabled: true, noReset: true, pixelRatio: 3, platform: LINUX, platformName: Android, platformVersion: 5.1.1, statBarHeight: 75, takesScreenshot: true, udid: emulator-5554, unicodeKeyboard: true, viewportRect: {height: 1701, left: 0, top: 75, width: 1080}, warnings: {}, webStorageEnabled: false}\nSession ID: 2cd9f3d3-b446-43ff-ad75-46a7bc16df58\n*** Element info: {Using=id, value=com.oneclickmoney.ocm:id/takeText}",
      "time" : {
        "start" : 1568639197407,
        "stop" : 1568639232098,
        "duration" : 34691
      }
    }, {
      "uid" : "f6a9a1a7346a09a",
      "status" : "broken",
      "statusDetails" : "An element could not be located on the page using the given search parameters.\nFor documentation on this error, please visit: https://www.seleniumhq.org/exceptions/no_such_element.html\nBuild info: version: '3.141.59', revision: 'e82be7d358', time: '2018-11-14T08:17:03'\nSystem info: host: 'LEN-4-2', ip: '192.168.193.2', os.name: 'Windows 10', os.arch: 'amd64', os.version: '10.0', java.version: '1.8.0_202-release'\nDriver info: io.appium.java_client.android.AndroidDriver\nCapabilities {appActivity: .PreloadActivity, appPackage: com.oneclickmoney.ocm, automationName: UiAutomator2, databaseEnabled: false, desired: {appActivity: .PreloadActivity, appPackage: com.oneclickmoney.ocm, automationName: UiAutomator2, deviceName: My Phone, noReset: true, platformName: android, platformVersion: 5.1, udid: emulator-5554, unicodeKeyboard: true}, deviceApiLevel: 22, deviceManufacturer: unknown, deviceModel: Android SDK built for x86, deviceName: emulator-5554, deviceScreenDensity: 480, deviceScreenSize: 1080x1920, deviceUDID: emulator-5554, javascriptEnabled: true, locationContextEnabled: false, networkConnectionEnabled: true, noReset: true, pixelRatio: 3, platform: LINUX, platformName: Android, platformVersion: 5.1.1, statBarHeight: 75, takesScreenshot: true, udid: emulator-5554, unicodeKeyboard: true, viewportRect: {height: 1701, left: 0, top: 75, width: 1080}, warnings: {}, webStorageEnabled: false}\nSession ID: 8d523b2a-6aea-4acc-b1ae-bf2f54bb563a\n*** Element info: {Using=id, value=com.oneclickmoney.ocm:id/takeText}",
      "time" : {
        "start" : 1568638780628,
        "stop" : 1568638819949,
        "duration" : 39321
      }
    }, {
      "uid" : "3fcde4217d6bdeb",
      "status" : "broken",
      "statusDetails" : "An element could not be located on the page using the given search parameters.\nFor documentation on this error, please visit: https://www.seleniumhq.org/exceptions/no_such_element.html\nBuild info: version: '3.141.59', revision: 'e82be7d358', time: '2018-11-14T08:17:03'\nSystem info: host: 'LEN-4-2', ip: '192.168.193.2', os.name: 'Windows 10', os.arch: 'amd64', os.version: '10.0', java.version: '1.8.0_202-release'\nDriver info: io.appium.java_client.android.AndroidDriver\nCapabilities {appActivity: .PreloadActivity, appPackage: com.oneclickmoney.ocm, automationName: UiAutomator2, databaseEnabled: false, desired: {appActivity: .PreloadActivity, appPackage: com.oneclickmoney.ocm, automationName: UiAutomator2, deviceName: My Phone, noReset: true, platformName: android, platformVersion: 5.1, udid: emulator-5554, unicodeKeyboard: true}, deviceApiLevel: 22, deviceManufacturer: unknown, deviceModel: Android SDK built for x86, deviceName: emulator-5554, deviceScreenDensity: 480, deviceScreenSize: 1080x1920, deviceUDID: emulator-5554, javascriptEnabled: true, locationContextEnabled: false, networkConnectionEnabled: true, noReset: true, pixelRatio: 3, platform: LINUX, platformName: Android, platformVersion: 5.1.1, statBarHeight: 75, takesScreenshot: true, udid: emulator-5554, unicodeKeyboard: true, viewportRect: {height: 1701, left: 0, top: 75, width: 1080}, warnings: {}, webStorageEnabled: false}\nSession ID: 7f07e640-ba3a-43f5-aeee-0170c9efad7d\n*** Element info: {Using=id, value=com.oneclickmoney.ocm:id/takeText}",
      "time" : {
        "start" : 1568638379016,
        "stop" : 1568638415306,
        "duration" : 36290
      }
    }, {
      "uid" : "e859c230a6cf3730",
      "status" : "broken",
      "statusDetails" : "An element could not be located on the page using the given search parameters.\nFor documentation on this error, please visit: https://www.seleniumhq.org/exceptions/no_such_element.html\nBuild info: version: '3.141.59', revision: 'e82be7d358', time: '2018-11-14T08:17:03'\nSystem info: host: 'LEN-4-2', ip: '192.168.193.2', os.name: 'Windows 10', os.arch: 'amd64', os.version: '10.0', java.version: '1.8.0_202-release'\nDriver info: io.appium.java_client.android.AndroidDriver\nCapabilities {appActivity: .PreloadActivity, appPackage: com.oneclickmoney.ocm, automationName: UiAutomator2, databaseEnabled: false, desired: {appActivity: .PreloadActivity, appPackage: com.oneclickmoney.ocm, automationName: UiAutomator2, deviceName: My Phone, noReset: true, platformName: android, platformVersion: 5.1, udid: emulator-5554, unicodeKeyboard: true}, deviceApiLevel: 22, deviceManufacturer: unknown, deviceModel: Android SDK built for x86, deviceName: emulator-5554, deviceScreenDensity: 480, deviceScreenSize: 1080x1920, deviceUDID: emulator-5554, javascriptEnabled: true, locationContextEnabled: false, networkConnectionEnabled: true, noReset: true, pixelRatio: 3, platform: LINUX, platformName: Android, platformVersion: 5.1.1, statBarHeight: 75, takesScreenshot: true, udid: emulator-5554, unicodeKeyboard: true, viewportRect: {height: 1701, left: 0, top: 75, width: 1080}, warnings: {}, webStorageEnabled: false}\nSession ID: e77ba112-ae2f-42ab-b6bb-d642d7fd193f\n*** Element info: {Using=id, value=com.oneclickmoney.ocm:id/takeText}",
      "time" : {
        "start" : 1568637815866,
        "stop" : 1568637851034,
        "duration" : 35168
      }
    }, {
      "uid" : "a8abf531298caa5d",
      "status" : "broken",
      "statusDetails" : "An element could not be located on the page using the given search parameters.\nFor documentation on this error, please visit: https://www.seleniumhq.org/exceptions/no_such_element.html\nBuild info: version: '3.141.59', revision: 'e82be7d358', time: '2018-11-14T08:17:03'\nSystem info: host: 'LEN-4-2', ip: '192.168.193.2', os.name: 'Windows 10', os.arch: 'amd64', os.version: '10.0', java.version: '1.8.0_202-release'\nDriver info: io.appium.java_client.android.AndroidDriver\nCapabilities {appActivity: .PreloadActivity, appPackage: com.oneclickmoney.ocm, automationName: UiAutomator2, databaseEnabled: false, desired: {appActivity: .PreloadActivity, appPackage: com.oneclickmoney.ocm, automationName: UiAutomator2, deviceName: My Phone, noReset: true, platformName: android, platformVersion: 5.1, udid: emulator-5554, unicodeKeyboard: true}, deviceApiLevel: 22, deviceManufacturer: unknown, deviceModel: Android SDK built for x86, deviceName: emulator-5554, deviceScreenDensity: 480, deviceScreenSize: 1080x1920, deviceUDID: emulator-5554, javascriptEnabled: true, locationContextEnabled: false, networkConnectionEnabled: true, noReset: true, pixelRatio: 3, platform: LINUX, platformName: Android, platformVersion: 5.1.1, statBarHeight: 75, takesScreenshot: true, udid: emulator-5554, unicodeKeyboard: true, viewportRect: {height: 1701, left: 0, top: 75, width: 1080}, warnings: {}, webStorageEnabled: false}\nSession ID: 9d17f595-21bf-4c77-bcaa-d08feb133752\n*** Element info: {Using=id, value=com.oneclickmoney.ocm:id/takeText}",
      "time" : {
        "start" : 1568637392373,
        "stop" : 1568637426843,
        "duration" : 34470
      }
    }, {
      "uid" : "d776c0cc090efac0",
      "status" : "broken",
      "statusDetails" : "An element could not be located on the page using the given search parameters.\nFor documentation on this error, please visit: https://www.seleniumhq.org/exceptions/no_such_element.html\nBuild info: version: '3.141.59', revision: 'e82be7d358', time: '2018-11-14T08:17:03'\nSystem info: host: 'LEN-4-2', ip: '192.168.193.2', os.name: 'Windows 10', os.arch: 'amd64', os.version: '10.0', java.version: '1.8.0_202-release'\nDriver info: io.appium.java_client.android.AndroidDriver\nCapabilities {appActivity: .PreloadActivity, appPackage: com.oneclickmoney.ocm, automationName: UiAutomator2, databaseEnabled: false, desired: {appActivity: .PreloadActivity, appPackage: com.oneclickmoney.ocm, automationName: UiAutomator2, deviceName: My Phone, noReset: true, platformName: android, platformVersion: 5.1, udid: emulator-5554, unicodeKeyboard: true}, deviceApiLevel: 22, deviceManufacturer: unknown, deviceModel: Android SDK built for x86, deviceName: emulator-5554, deviceScreenDensity: 480, deviceScreenSize: 1080x1920, deviceUDID: emulator-5554, javascriptEnabled: true, locationContextEnabled: false, networkConnectionEnabled: true, noReset: true, pixelRatio: 3, platform: LINUX, platformName: Android, platformVersion: 5.1.1, statBarHeight: 75, takesScreenshot: true, udid: emulator-5554, unicodeKeyboard: true, viewportRect: {height: 1701, left: 0, top: 75, width: 1080}, warnings: {}, webStorageEnabled: false}\nSession ID: 69daa00d-3b77-401b-bc6c-776b1b49d57d\n*** Element info: {Using=id, value=com.oneclickmoney.ocm:id/takeText}",
      "time" : {
        "start" : 1568633807780,
        "stop" : 1568633842076,
        "duration" : 34296
      }
    }, {
      "uid" : "e3b1b979d485abd3",
      "status" : "broken",
      "statusDetails" : "An element could not be located on the page using the given search parameters.\nFor documentation on this error, please visit: https://www.seleniumhq.org/exceptions/no_such_element.html\nBuild info: version: '3.141.59', revision: 'e82be7d358', time: '2018-11-14T08:17:03'\nSystem info: host: 'LEN-4-2', ip: '192.168.193.2', os.name: 'Windows 10', os.arch: 'amd64', os.version: '10.0', java.version: '1.8.0_202-release'\nDriver info: io.appium.java_client.android.AndroidDriver\nCapabilities {appActivity: .PreloadActivity, appPackage: com.oneclickmoney.ocm, automationName: UiAutomator2, databaseEnabled: false, desired: {appActivity: .PreloadActivity, appPackage: com.oneclickmoney.ocm, automationName: UiAutomator2, deviceName: My Phone, noReset: true, platformName: android, platformVersion: 5.1, udid: emulator-5554, unicodeKeyboard: true}, deviceApiLevel: 22, deviceManufacturer: unknown, deviceModel: Android SDK built for x86, deviceName: emulator-5554, deviceScreenDensity: 480, deviceScreenSize: 1080x1920, deviceUDID: emulator-5554, javascriptEnabled: true, locationContextEnabled: false, networkConnectionEnabled: true, noReset: true, pixelRatio: 3, platform: LINUX, platformName: Android, platformVersion: 5.1.1, statBarHeight: 75, takesScreenshot: true, udid: emulator-5554, unicodeKeyboard: true, viewportRect: {height: 1701, left: 0, top: 75, width: 1080}, warnings: {}, webStorageEnabled: false}\nSession ID: 6c10919b-08ae-4b46-b2a2-63019ce0e315\n*** Element info: {Using=id, value=com.oneclickmoney.ocm:id/takeText}",
      "time" : {
        "start" : 1568631128738,
        "stop" : 1568631163491,
        "duration" : 34753
      }
    }, {
      "uid" : "8c17b2a8fe70cd85",
      "status" : "broken",
      "statusDetails" : "An element could not be located on the page using the given search parameters.\nFor documentation on this error, please visit: https://www.seleniumhq.org/exceptions/no_such_element.html\nBuild info: version: '3.141.59', revision: 'e82be7d358', time: '2018-11-14T08:17:03'\nSystem info: host: 'LEN-4-2', ip: '192.168.193.2', os.name: 'Windows 10', os.arch: 'amd64', os.version: '10.0', java.version: '1.8.0_202-release'\nDriver info: io.appium.java_client.android.AndroidDriver\nCapabilities {appActivity: .PreloadActivity, appPackage: com.oneclickmoney.ocm, automationName: UiAutomator2, databaseEnabled: false, desired: {appActivity: .PreloadActivity, appPackage: com.oneclickmoney.ocm, automationName: UiAutomator2, deviceName: My Phone, noReset: true, platformName: android, platformVersion: 5.1, udid: emulator-5554, unicodeKeyboard: true}, deviceApiLevel: 22, deviceManufacturer: unknown, deviceModel: Android SDK built for x86, deviceName: emulator-5554, deviceScreenDensity: 480, deviceScreenSize: 1080x1920, deviceUDID: emulator-5554, javascriptEnabled: true, locationContextEnabled: false, networkConnectionEnabled: true, noReset: true, pixelRatio: 3, platform: LINUX, platformName: Android, platformVersion: 5.1.1, statBarHeight: 75, takesScreenshot: true, udid: emulator-5554, unicodeKeyboard: true, viewportRect: {height: 1701, left: 0, top: 75, width: 1080}, warnings: {}, webStorageEnabled: false}\nSession ID: 2818cf32-949a-4e4b-b4a2-1cdba8b3632b\n*** Element info: {Using=id, value=com.oneclickmoney.ocm:id/takeText}",
      "time" : {
        "start" : 1568630988428,
        "stop" : 1568631023796,
        "duration" : 35368
      }
    }, {
      "uid" : "ab6fd6700c73106a",
      "status" : "broken",
      "statusDetails" : "An element could not be located on the page using the given search parameters.\nFor documentation on this error, please visit: https://www.seleniumhq.org/exceptions/no_such_element.html\nBuild info: version: '3.141.59', revision: 'e82be7d358', time: '2018-11-14T08:17:03'\nSystem info: host: 'LEN-4-2', ip: '192.168.193.2', os.name: 'Windows 10', os.arch: 'amd64', os.version: '10.0', java.version: '1.8.0_202-release'\nDriver info: io.appium.java_client.android.AndroidDriver\nCapabilities {appActivity: .PreloadActivity, appPackage: com.oneclickmoney.ocm, automationName: UiAutomator2, databaseEnabled: false, desired: {appActivity: .PreloadActivity, appPackage: com.oneclickmoney.ocm, automationName: UiAutomator2, deviceName: My Phone, noReset: true, platformName: android, platformVersion: 5.1, udid: emulator-5554, unicodeKeyboard: true}, deviceApiLevel: 22, deviceManufacturer: unknown, deviceModel: Android SDK built for x86, deviceName: emulator-5554, deviceScreenDensity: 480, deviceScreenSize: 1080x1920, deviceUDID: emulator-5554, javascriptEnabled: true, locationContextEnabled: false, networkConnectionEnabled: true, noReset: true, pixelRatio: 3, platform: LINUX, platformName: Android, platformVersion: 5.1.1, statBarHeight: 75, takesScreenshot: true, udid: emulator-5554, unicodeKeyboard: true, viewportRect: {height: 1701, left: 0, top: 75, width: 1080}, warnings: {}, webStorageEnabled: false}\nSession ID: e4f92e55-8ec9-442c-b123-383baf2cf1ac\n*** Element info: {Using=id, value=com.oneclickmoney.ocm:id/takeText}",
      "time" : {
        "start" : 1568630847747,
        "stop" : 1568630882344,
        "duration" : 34597
      }
    }, {
      "uid" : "5704123134eccb2d",
      "status" : "broken",
      "statusDetails" : "An element could not be located on the page using the given search parameters.\nFor documentation on this error, please visit: https://www.seleniumhq.org/exceptions/no_such_element.html\nBuild info: version: '3.141.59', revision: 'e82be7d358', time: '2018-11-14T08:17:03'\nSystem info: host: 'LEN-4-2', ip: '192.168.193.2', os.name: 'Windows 10', os.arch: 'amd64', os.version: '10.0', java.version: '1.8.0_202-release'\nDriver info: io.appium.java_client.android.AndroidDriver\nCapabilities {appActivity: .PreloadActivity, appPackage: com.oneclickmoney.ocm, automationName: UiAutomator2, databaseEnabled: false, desired: {appActivity: .PreloadActivity, appPackage: com.oneclickmoney.ocm, automationName: UiAutomator2, deviceName: My Phone, noReset: true, platformName: android, platformVersion: 5.1, udid: emulator-5554, unicodeKeyboard: true}, deviceApiLevel: 22, deviceManufacturer: unknown, deviceModel: Android SDK built for x86, deviceName: emulator-5554, deviceScreenDensity: 480, deviceScreenSize: 1080x1920, deviceUDID: emulator-5554, javascriptEnabled: true, locationContextEnabled: false, networkConnectionEnabled: true, noReset: true, pixelRatio: 3, platform: LINUX, platformName: Android, platformVersion: 5.1.1, statBarHeight: 75, takesScreenshot: true, udid: emulator-5554, unicodeKeyboard: true, viewportRect: {height: 1701, left: 0, top: 75, width: 1080}, warnings: {}, webStorageEnabled: false}\nSession ID: a690db29-6124-4c88-baf2-c5ca28c05083\n*** Element info: {Using=id, value=com.oneclickmoney.ocm:id/takeText}",
      "time" : {
        "start" : 1568630708635,
        "stop" : 1568630742914,
        "duration" : 34279
      }
    }, {
      "uid" : "a0c02399593c8590",
      "status" : "broken",
      "statusDetails" : "An element could not be located on the page using the given search parameters.\nFor documentation on this error, please visit: https://www.seleniumhq.org/exceptions/no_such_element.html\nBuild info: version: '3.141.59', revision: 'e82be7d358', time: '2018-11-14T08:17:03'\nSystem info: host: 'LEN-4-2', ip: '192.168.193.2', os.name: 'Windows 10', os.arch: 'amd64', os.version: '10.0', java.version: '1.8.0_202-release'\nDriver info: io.appium.java_client.android.AndroidDriver\nCapabilities {appActivity: .PreloadActivity, appPackage: com.oneclickmoney.ocm, automationName: UiAutomator2, databaseEnabled: false, desired: {appActivity: .PreloadActivity, appPackage: com.oneclickmoney.ocm, automationName: UiAutomator2, deviceName: My Phone, noReset: true, platformName: android, platformVersion: 5.1, udid: emulator-5554, unicodeKeyboard: true}, deviceApiLevel: 22, deviceManufacturer: unknown, deviceModel: Android SDK built for x86, deviceName: emulator-5554, deviceScreenDensity: 480, deviceScreenSize: 1080x1920, deviceUDID: emulator-5554, javascriptEnabled: true, locationContextEnabled: false, networkConnectionEnabled: true, noReset: true, pixelRatio: 3, platform: LINUX, platformName: Android, platformVersion: 5.1.1, statBarHeight: 75, takesScreenshot: true, udid: emulator-5554, unicodeKeyboard: true, viewportRect: {height: 1701, left: 0, top: 75, width: 1080}, warnings: {}, webStorageEnabled: false}\nSession ID: 4d0eac35-bd05-4c75-b23a-1fac01ef607b\n*** Element info: {Using=id, value=com.oneclickmoney.ocm:id/takeText}",
      "time" : {
        "start" : 1568630565999,
        "stop" : 1568630601716,
        "duration" : 35717
      }
    }, {
      "uid" : "a0ee67213f728b7b",
      "status" : "broken",
      "statusDetails" : "An element could not be located on the page using the given search parameters.\nFor documentation on this error, please visit: https://www.seleniumhq.org/exceptions/no_such_element.html\nBuild info: version: '3.141.59', revision: 'e82be7d358', time: '2018-11-14T08:17:03'\nSystem info: host: 'LEN-4-2', ip: '192.168.193.2', os.name: 'Windows 10', os.arch: 'amd64', os.version: '10.0', java.version: '1.8.0_202-release'\nDriver info: io.appium.java_client.android.AndroidDriver\nCapabilities {appActivity: .PreloadActivity, appPackage: com.oneclickmoney.ocm, automationName: UiAutomator2, databaseEnabled: false, desired: {appActivity: .PreloadActivity, appPackage: com.oneclickmoney.ocm, automationName: UiAutomator2, deviceName: My Phone, noReset: true, platformName: android, platformVersion: 5.1, udid: emulator-5554, unicodeKeyboard: true}, deviceApiLevel: 22, deviceManufacturer: unknown, deviceModel: Android SDK built for x86, deviceName: emulator-5554, deviceScreenDensity: 480, deviceScreenSize: 1080x1920, deviceUDID: emulator-5554, javascriptEnabled: true, locationContextEnabled: false, networkConnectionEnabled: true, noReset: true, pixelRatio: 3, platform: LINUX, platformName: Android, platformVersion: 5.1.1, statBarHeight: 75, takesScreenshot: true, udid: emulator-5554, unicodeKeyboard: true, viewportRect: {height: 1701, left: 0, top: 75, width: 1080}, warnings: {}, webStorageEnabled: false}\nSession ID: de987f4b-57ad-40a8-8e16-0a199b5cd389\n*** Element info: {Using=id, value=com.oneclickmoney.ocm:id/takeText}",
      "time" : {
        "start" : 1568630418487,
        "stop" : 1568630452826,
        "duration" : 34339
      }
    }, {
      "uid" : "7f5e09345017acd6",
      "status" : "broken",
      "statusDetails" : "An element could not be located on the page using the given search parameters.\nFor documentation on this error, please visit: https://www.seleniumhq.org/exceptions/no_such_element.html\nBuild info: version: '3.141.59', revision: 'e82be7d358', time: '2018-11-14T08:17:03'\nSystem info: host: 'LEN-4-2', ip: '192.168.193.2', os.name: 'Windows 10', os.arch: 'amd64', os.version: '10.0', java.version: '1.8.0_202-release'\nDriver info: io.appium.java_client.android.AndroidDriver\nCapabilities {appActivity: .PreloadActivity, appPackage: com.oneclickmoney.ocm, automationName: UiAutomator2, databaseEnabled: false, desired: {appActivity: .PreloadActivity, appPackage: com.oneclickmoney.ocm, automationName: UiAutomator2, deviceName: My Phone, noReset: true, platformName: android, platformVersion: 5.1, udid: emulator-5554, unicodeKeyboard: true}, deviceApiLevel: 22, deviceManufacturer: unknown, deviceModel: Android SDK built for x86, deviceName: emulator-5554, deviceScreenDensity: 480, deviceScreenSize: 1080x1920, deviceUDID: emulator-5554, javascriptEnabled: true, locationContextEnabled: false, networkConnectionEnabled: true, noReset: true, pixelRatio: 3, platform: LINUX, platformName: Android, platformVersion: 5.1.1, statBarHeight: 75, takesScreenshot: true, udid: emulator-5554, unicodeKeyboard: true, viewportRect: {height: 1701, left: 0, top: 75, width: 1080}, warnings: {}, webStorageEnabled: false}\nSession ID: f5057ee2-83e8-45a2-b662-b51a3aef70d2\n*** Element info: {Using=id, value=com.oneclickmoney.ocm:id/takeText}",
      "time" : {
        "start" : 1568630038456,
        "stop" : 1568630072195,
        "duration" : 33739
      }
    }, {
      "uid" : "8278746d2faf16b8",
      "status" : "broken",
      "statusDetails" : "An element could not be located on the page using the given search parameters.\nFor documentation on this error, please visit: https://www.seleniumhq.org/exceptions/no_such_element.html\nBuild info: version: '3.141.59', revision: 'e82be7d358', time: '2018-11-14T08:17:03'\nSystem info: host: 'LEN-4-2', ip: '192.168.193.2', os.name: 'Windows 10', os.arch: 'amd64', os.version: '10.0', java.version: '1.8.0_202-release'\nDriver info: io.appium.java_client.android.AndroidDriver\nCapabilities {appActivity: .PreloadActivity, appPackage: com.oneclickmoney.ocm, automationName: UiAutomator2, databaseEnabled: false, desired: {appActivity: .PreloadActivity, appPackage: com.oneclickmoney.ocm, automationName: UiAutomator2, deviceName: My Phone, noReset: true, platformName: android, platformVersion: 5.1, udid: emulator-5554, unicodeKeyboard: true}, deviceApiLevel: 22, deviceManufacturer: unknown, deviceModel: Android SDK built for x86, deviceName: emulator-5554, deviceScreenDensity: 480, deviceScreenSize: 1080x1920, deviceUDID: emulator-5554, javascriptEnabled: true, locationContextEnabled: false, networkConnectionEnabled: true, noReset: true, pixelRatio: 3, platform: LINUX, platformName: Android, platformVersion: 5.1.1, statBarHeight: 75, takesScreenshot: true, udid: emulator-5554, unicodeKeyboard: true, viewportRect: {height: 1701, left: 0, top: 75, width: 1080}, warnings: {}, webStorageEnabled: false}\nSession ID: 3129cedf-5d5a-4c64-b4f2-9c1e2ac43288\n*** Element info: {Using=id, value=com.oneclickmoney.ocm:id/takeText}",
      "time" : {
        "start" : 1568629888448,
        "stop" : 1568629921922,
        "duration" : 33474
      }
    }, {
      "uid" : "f267588054a821b6",
      "status" : "broken",
      "statusDetails" : "An element could not be located on the page using the given search parameters.\nFor documentation on this error, please visit: https://www.seleniumhq.org/exceptions/no_such_element.html\nBuild info: version: '3.141.59', revision: 'e82be7d358', time: '2018-11-14T08:17:03'\nSystem info: host: 'LEN-4-2', ip: '192.168.193.2', os.name: 'Windows 10', os.arch: 'amd64', os.version: '10.0', java.version: '1.8.0_202-release'\nDriver info: io.appium.java_client.android.AndroidDriver\nCapabilities {appActivity: .PreloadActivity, appPackage: com.oneclickmoney.ocm, automationName: UiAutomator2, databaseEnabled: false, desired: {appActivity: .PreloadActivity, appPackage: com.oneclickmoney.ocm, automationName: UiAutomator2, deviceName: My Phone, noReset: true, platformName: android, platformVersion: 5.1, udid: emulator-5554, unicodeKeyboard: true}, deviceApiLevel: 22, deviceManufacturer: unknown, deviceModel: Android SDK built for x86, deviceName: emulator-5554, deviceScreenDensity: 480, deviceScreenSize: 1080x1920, deviceUDID: emulator-5554, javascriptEnabled: true, locationContextEnabled: false, networkConnectionEnabled: true, noReset: true, pixelRatio: 3, platform: LINUX, platformName: Android, platformVersion: 5.1.1, statBarHeight: 75, takesScreenshot: true, udid: emulator-5554, unicodeKeyboard: true, viewportRect: {height: 1701, left: 0, top: 75, width: 1080}, warnings: {}, webStorageEnabled: false}\nSession ID: 81f00f22-9f25-46be-801a-a7ea9d6b26ae\n*** Element info: {Using=id, value=com.oneclickmoney.ocm:id/takeText}",
      "time" : {
        "start" : 1568629735208,
        "stop" : 1568629769291,
        "duration" : 34083
      }
    }, {
      "uid" : "27c00dbc8d94ccce",
      "status" : "broken",
      "statusDetails" : "An element could not be located on the page using the given search parameters.\nFor documentation on this error, please visit: https://www.seleniumhq.org/exceptions/no_such_element.html\nBuild info: version: '3.141.59', revision: 'e82be7d358', time: '2018-11-14T08:17:03'\nSystem info: host: 'LEN-4-2', ip: '192.168.193.2', os.name: 'Windows 10', os.arch: 'amd64', os.version: '10.0', java.version: '1.8.0_202-release'\nDriver info: io.appium.java_client.android.AndroidDriver\nCapabilities {appActivity: .PreloadActivity, appPackage: com.oneclickmoney.ocm, automationName: UiAutomator2, databaseEnabled: false, desired: {appActivity: .PreloadActivity, appPackage: com.oneclickmoney.ocm, automationName: UiAutomator2, deviceName: My Phone, noReset: true, platformName: android, platformVersion: 5.1, udid: emulator-5554, unicodeKeyboard: true}, deviceApiLevel: 22, deviceManufacturer: unknown, deviceModel: Android SDK built for x86, deviceName: emulator-5554, deviceScreenDensity: 480, deviceScreenSize: 1080x1920, deviceUDID: emulator-5554, javascriptEnabled: true, locationContextEnabled: false, networkConnectionEnabled: true, noReset: true, pixelRatio: 3, platform: LINUX, platformName: Android, platformVersion: 5.1.1, statBarHeight: 75, takesScreenshot: true, udid: emulator-5554, unicodeKeyboard: true, viewportRect: {height: 1701, left: 0, top: 75, width: 1080}, warnings: {}, webStorageEnabled: false}\nSession ID: da603b15-dc4a-4c8a-b238-20a408fef75a\n*** Element info: {Using=id, value=com.oneclickmoney.ocm:id/takeText}",
      "time" : {
        "start" : 1568629353442,
        "stop" : 1568629387787,
        "duration" : 34345
      }
    }, {
      "uid" : "fc0a670b3c69ae02",
      "status" : "broken",
      "statusDetails" : "An element could not be located on the page using the given search parameters.\nFor documentation on this error, please visit: https://www.seleniumhq.org/exceptions/no_such_element.html\nBuild info: version: '3.141.59', revision: 'e82be7d358', time: '2018-11-14T08:17:03'\nSystem info: host: 'LEN-4-2', ip: '192.168.193.2', os.name: 'Windows 10', os.arch: 'amd64', os.version: '10.0', java.version: '1.8.0_202-release'\nDriver info: io.appium.java_client.android.AndroidDriver\nCapabilities {appActivity: .PreloadActivity, appPackage: com.oneclickmoney.ocm, automationName: UiAutomator2, databaseEnabled: false, desired: {appActivity: .PreloadActivity, appPackage: com.oneclickmoney.ocm, automationName: UiAutomator2, deviceName: My Phone, noReset: true, platformName: android, platformVersion: 5.1, udid: emulator-5554, unicodeKeyboard: true}, deviceApiLevel: 22, deviceManufacturer: unknown, deviceModel: Android SDK built for x86, deviceName: emulator-5554, deviceScreenDensity: 480, deviceScreenSize: 1080x1920, deviceUDID: emulator-5554, javascriptEnabled: true, locationContextEnabled: false, networkConnectionEnabled: true, noReset: true, pixelRatio: 3, platform: LINUX, platformName: Android, platformVersion: 5.1.1, statBarHeight: 75, takesScreenshot: true, udid: emulator-5554, unicodeKeyboard: true, viewportRect: {height: 1701, left: 0, top: 75, width: 1080}, warnings: {}, webStorageEnabled: false}\nSession ID: a1966753-ac9c-496e-b3af-1be7c94c7499\n*** Element info: {Using=id, value=com.oneclickmoney.ocm:id/takeText}",
      "time" : {
        "start" : 1568628990484,
        "stop" : 1568629027057,
        "duration" : 36573
      }
    } ],
    "categories" : [ {
      "name" : "Test defects",
      "matchedStatuses" : [ ],
      "flaky" : false
    } ],
    "tags" : [ ]
  },
  "source" : "145b684d8e4d17dd.json",
  "parameterValues" : [ ]
}