{
  "uid" : "80f5fc2afbcce14",
  "name" : "test1",
  "fullName" : "test.test.test1",
  "historyId" : "9b112daf213f687f0b41f79f16851e54",
  "time" : {
    "start" : 1567763875518,
    "stop" : 1567763923326,
    "duration" : 47808
  },
  "status" : "broken",
  "statusMessage" : "An element could not be located on the page using the given search parameters.\nFor documentation on this error, please visit: https://www.seleniumhq.org/exceptions/no_such_element.html\nBuild info: version: '3.141.59', revision: 'e82be7d358', time: '2018-11-14T08:17:03'\nSystem info: host: 'LEN-4-2', ip: '192.168.193.2', os.name: 'Windows 10', os.arch: 'amd64', os.version: '10.0', java.version: '1.8.0_202-release'\nDriver info: io.appium.java_client.android.AndroidDriver\nCapabilities {appActivity: .PreloadActivity, appPackage: com.oneclickmoney.ocm, databaseEnabled: false, desired: {appActivity: .PreloadActivity, appPackage: com.oneclickmoney.ocm, deviceName: My Phone, noReset: true, platformName: android, platformVersion: 5.1, udid: emulator-5554, unicodeKeyboard: true}, deviceApiLevel: 22, deviceManufacturer: unknown, deviceModel: Android SDK built for x86, deviceName: emulator-5554, deviceScreenDensity: 480, deviceScreenSize: 1080x1920, deviceUDID: emulator-5554, javascriptEnabled: true, locationContextEnabled: false, networkConnectionEnabled: true, noReset: true, pixelRatio: 3, platform: LINUX, platformName: Android, platformVersion: 5.1.1, statBarHeight: 75, takesScreenshot: true, udid: emulator-5554, unicodeKeyboard: true, viewportRect: {height: 1701, left: 0, top: 75, width: 1080}, warnings: {}, webStorageEnabled: false}\nSession ID: 170b2d74-fc4f-4b4c-856f-1b045544b480\n*** Element info: {Using=id, value=com.android.documentsui:id/icon_mime}",
  "statusTrace" : "org.openqa.selenium.NoSuchElementException: An element could not be located on the page using the given search parameters.\nFor documentation on this error, please visit: https://www.seleniumhq.org/exceptions/no_such_element.html\nBuild info: version: '3.141.59', revision: 'e82be7d358', time: '2018-11-14T08:17:03'\nSystem info: host: 'LEN-4-2', ip: '192.168.193.2', os.name: 'Windows 10', os.arch: 'amd64', os.version: '10.0', java.version: '1.8.0_202-release'\nDriver info: io.appium.java_client.android.AndroidDriver\nCapabilities {appActivity: .PreloadActivity, appPackage: com.oneclickmoney.ocm, databaseEnabled: false, desired: {appActivity: .PreloadActivity, appPackage: com.oneclickmoney.ocm, deviceName: My Phone, noReset: true, platformName: android, platformVersion: 5.1, udid: emulator-5554, unicodeKeyboard: true}, deviceApiLevel: 22, deviceManufacturer: unknown, deviceModel: Android SDK built for x86, deviceName: emulator-5554, deviceScreenDensity: 480, deviceScreenSize: 1080x1920, deviceUDID: emulator-5554, javascriptEnabled: true, locationContextEnabled: false, networkConnectionEnabled: true, noReset: true, pixelRatio: 3, platform: LINUX, platformName: Android, platformVersion: 5.1.1, statBarHeight: 75, takesScreenshot: true, udid: emulator-5554, unicodeKeyboard: true, viewportRect: {height: 1701, left: 0, top: 75, width: 1080}, warnings: {}, webStorageEnabled: false}\nSession ID: 170b2d74-fc4f-4b4c-856f-1b045544b480\n*** Element info: {Using=id, value=com.android.documentsui:id/icon_mime}\r\n\tat sun.reflect.NativeConstructorAccessorImpl.newInstance0(Native Method)\r\n\tat sun.reflect.NativeConstructorAccessorImpl.newInstance(NativeConstructorAccessorImpl.java:62)\r\n\tat sun.reflect.DelegatingConstructorAccessorImpl.newInstance(DelegatingConstructorAccessorImpl.java:45)\r\n\tat java.lang.reflect.Constructor.newInstance(Constructor.java:423)\r\n\tat org.openqa.selenium.remote.http.W3CHttpResponseCodec.createException(W3CHttpResponseCodec.java:187)\r\n\tat org.openqa.selenium.remote.http.W3CHttpResponseCodec.decode(W3CHttpResponseCodec.java:122)\r\n\tat org.openqa.selenium.remote.http.W3CHttpResponseCodec.decode(W3CHttpResponseCodec.java:49)\r\n\tat org.openqa.selenium.remote.HttpCommandExecutor.execute(HttpCommandExecutor.java:158)\r\n\tat io.appium.java_client.remote.AppiumCommandExecutor.execute(AppiumCommandExecutor.java:239)\r\n\tat org.openqa.selenium.remote.RemoteWebDriver.execute(RemoteWebDriver.java:552)\r\n\tat io.appium.java_client.DefaultGenericMobileDriver.execute(DefaultGenericMobileDriver.java:41)\r\n\tat io.appium.java_client.AppiumDriver.execute(AppiumDriver.java:1)\r\n\tat io.appium.java_client.android.AndroidDriver.execute(AndroidDriver.java:1)\r\n\tat org.openqa.selenium.remote.RemoteWebDriver.findElement(RemoteWebDriver.java:323)\r\n\tat io.appium.java_client.DefaultGenericMobileDriver.findElement(DefaultGenericMobileDriver.java:61)\r\n\tat io.appium.java_client.AppiumDriver.findElement(AppiumDriver.java:1)\r\n\tat io.appium.java_client.android.AndroidDriver.findElement(AndroidDriver.java:1)\r\n\tat org.openqa.selenium.remote.RemoteWebDriver.findElementById(RemoteWebDriver.java:372)\r\n\tat io.appium.java_client.DefaultGenericMobileDriver.findElementById(DefaultGenericMobileDriver.java:69)\r\n\tat io.appium.java_client.AppiumDriver.findElementById(AppiumDriver.java:1)\r\n\tat io.appium.java_client.android.AndroidDriver.findElementById(AndroidDriver.java:1)\r\n\tat org.openqa.selenium.By$ById.findElement(By.java:188)\r\n\tat org.openqa.selenium.remote.RemoteWebDriver.findElement(RemoteWebDriver.java:315)\r\n\tat io.appium.java_client.DefaultGenericMobileDriver.findElement(DefaultGenericMobileDriver.java:57)\r\n\tat io.appium.java_client.AppiumDriver.findElement(AppiumDriver.java:1)\r\n\tat io.appium.java_client.android.AndroidDriver.findElement(AndroidDriver.java:1)\r\n\tat test.test.take_aroundBody0(test.java:50)\r\n\tat test.test$AjcClosure1.run(test.java:1)\r\n\tat org.aspectj.runtime.reflect.JoinPointImpl.proceed(JoinPointImpl.java:149)\r\n\tat io.qameta.allure.aspects.StepsAspects.step(StepsAspects.java:46)\r\n\tat test.test.take(test.java:41)\r\n\tat test.test.test1(test.java:35)\r\n\tat sun.reflect.NativeMethodAccessorImpl.invoke0(Native Method)\r\n\tat sun.reflect.NativeMethodAccessorImpl.invoke(NativeMethodAccessorImpl.java:62)\r\n\tat sun.reflect.DelegatingMethodAccessorImpl.invoke(DelegatingMethodAccessorImpl.java:43)\r\n\tat java.lang.reflect.Method.invoke(Method.java:498)\r\n\tat org.junit.runners.model.FrameworkMethod$1.runReflectiveCall(FrameworkMethod.java:50)\r\n\tat org.junit.internal.runners.model.ReflectiveCallable.run(ReflectiveCallable.java:12)\r\n\tat org.junit.runners.model.FrameworkMethod.invokeExplosively(FrameworkMethod.java:47)\r\n\tat org.junit.internal.runners.statements.InvokeMethod.evaluate(InvokeMethod.java:17)\r\n\tat org.junit.runners.ParentRunner.runLeaf(ParentRunner.java:325)\r\n\tat org.junit.runners.BlockJUnit4ClassRunner.runChild(BlockJUnit4ClassRunner.java:78)\r\n\tat org.junit.runners.BlockJUnit4ClassRunner.runChild(BlockJUnit4ClassRunner.java:57)\r\n\tat org.junit.runners.ParentRunner$3.run(ParentRunner.java:290)\r\n\tat org.junit.runners.ParentRunner$1.schedule(ParentRunner.java:71)\r\n\tat org.junit.runners.ParentRunner.runChildren(ParentRunner.java:288)\r\n\tat org.junit.runners.ParentRunner.access$000(ParentRunner.java:58)\r\n\tat org.junit.runners.ParentRunner$2.evaluate(ParentRunner.java:268)\r\n\tat org.junit.runners.ParentRunner.run(ParentRunner.java:363)\r\n\tat org.gradle.api.internal.tasks.testing.junit.JUnitTestClassExecutor.runTestClass(JUnitTestClassExecutor.java:110)\r\n\tat org.gradle.api.internal.tasks.testing.junit.JUnitTestClassExecutor.execute(JUnitTestClassExecutor.java:58)\r\n\tat org.gradle.api.internal.tasks.testing.junit.JUnitTestClassExecutor.execute(JUnitTestClassExecutor.java:38)\r\n\tat org.gradle.api.internal.tasks.testing.junit.AbstractJUnitTestClassProcessor.processTestClass(AbstractJUnitTestClassProcessor.java:62)\r\n\tat org.gradle.api.internal.tasks.testing.SuiteTestClassProcessor.processTestClass(SuiteTestClassProcessor.java:51)\r\n\tat sun.reflect.NativeMethodAccessorImpl.invoke0(Native Method)\r\n\tat sun.reflect.NativeMethodAccessorImpl.invoke(NativeMethodAccessorImpl.java:62)\r\n\tat sun.reflect.DelegatingMethodAccessorImpl.invoke(DelegatingMethodAccessorImpl.java:43)\r\n\tat java.lang.reflect.Method.invoke(Method.java:498)\r\n\tat org.gradle.internal.dispatch.ReflectionDispatch.dispatch(ReflectionDispatch.java:35)\r\n\tat org.gradle.internal.dispatch.ReflectionDispatch.dispatch(ReflectionDispatch.java:24)\r\n\tat org.gradle.internal.dispatch.ContextClassLoaderDispatch.dispatch(ContextClassLoaderDispatch.java:32)\r\n\tat org.gradle.internal.dispatch.ProxyDispatchAdapter$DispatchingInvocationHandler.invoke(ProxyDispatchAdapter.java:93)\r\n\tat com.sun.proxy.$Proxy2.processTestClass(Unknown Source)\r\n\tat org.gradle.api.internal.tasks.testing.worker.TestWorker.processTestClass(TestWorker.java:118)\r\n\tat sun.reflect.NativeMethodAccessorImpl.invoke0(Native Method)\r\n\tat sun.reflect.NativeMethodAccessorImpl.invoke(NativeMethodAccessorImpl.java:62)\r\n\tat sun.reflect.DelegatingMethodAccessorImpl.invoke(DelegatingMethodAccessorImpl.java:43)\r\n\tat java.lang.reflect.Method.invoke(Method.java:498)\r\n\tat org.gradle.internal.dispatch.ReflectionDispatch.dispatch(ReflectionDispatch.java:35)\r\n\tat org.gradle.internal.dispatch.ReflectionDispatch.dispatch(ReflectionDispatch.java:24)\r\n\tat org.gradle.internal.remote.internal.hub.MessageHubBackedObjectConnection$DispatchWrapper.dispatch(MessageHubBackedObjectConnection.java:175)\r\n\tat org.gradle.internal.remote.internal.hub.MessageHubBackedObjectConnection$DispatchWrapper.dispatch(MessageHubBackedObjectConnection.java:157)\r\n\tat org.gradle.internal.remote.internal.hub.MessageHub$Handler.run(MessageHub.java:404)\r\n\tat org.gradle.internal.concurrent.ExecutorPolicy$CatchAndRecordFailures.onExecute(ExecutorPolicy.java:63)\r\n\tat org.gradle.internal.concurrent.ManagedExecutorImpl$1.run(ManagedExecutorImpl.java:46)\r\n\tat java.util.concurrent.ThreadPoolExecutor.runWorker(ThreadPoolExecutor.java:1149)\r\n\tat java.util.concurrent.ThreadPoolExecutor$Worker.run(ThreadPoolExecutor.java:624)\r\n\tat org.gradle.internal.concurrent.ThreadFactoryImpl$ManagedThreadRunnable.run(ThreadFactoryImpl.java:55)\r\n\tat java.lang.Thread.run(Thread.java:748)\r\n",
  "flaky" : false,
  "newFailed" : false,
  "beforeStages" : [ ],
  "testStage" : {
    "status" : "broken",
    "statusMessage" : "An element could not be located on the page using the given search parameters.\nFor documentation on this error, please visit: https://www.seleniumhq.org/exceptions/no_such_element.html\nBuild info: version: '3.141.59', revision: 'e82be7d358', time: '2018-11-14T08:17:03'\nSystem info: host: 'LEN-4-2', ip: '192.168.193.2', os.name: 'Windows 10', os.arch: 'amd64', os.version: '10.0', java.version: '1.8.0_202-release'\nDriver info: io.appium.java_client.android.AndroidDriver\nCapabilities {appActivity: .PreloadActivity, appPackage: com.oneclickmoney.ocm, databaseEnabled: false, desired: {appActivity: .PreloadActivity, appPackage: com.oneclickmoney.ocm, deviceName: My Phone, noReset: true, platformName: android, platformVersion: 5.1, udid: emulator-5554, unicodeKeyboard: true}, deviceApiLevel: 22, deviceManufacturer: unknown, deviceModel: Android SDK built for x86, deviceName: emulator-5554, deviceScreenDensity: 480, deviceScreenSize: 1080x1920, deviceUDID: emulator-5554, javascriptEnabled: true, locationContextEnabled: false, networkConnectionEnabled: true, noReset: true, pixelRatio: 3, platform: LINUX, platformName: Android, platformVersion: 5.1.1, statBarHeight: 75, takesScreenshot: true, udid: emulator-5554, unicodeKeyboard: true, viewportRect: {height: 1701, left: 0, top: 75, width: 1080}, warnings: {}, webStorageEnabled: false}\nSession ID: 170b2d74-fc4f-4b4c-856f-1b045544b480\n*** Element info: {Using=id, value=com.android.documentsui:id/icon_mime}",
    "statusTrace" : "org.openqa.selenium.NoSuchElementException: An element could not be located on the page using the given search parameters.\nFor documentation on this error, please visit: https://www.seleniumhq.org/exceptions/no_such_element.html\nBuild info: version: '3.141.59', revision: 'e82be7d358', time: '2018-11-14T08:17:03'\nSystem info: host: 'LEN-4-2', ip: '192.168.193.2', os.name: 'Windows 10', os.arch: 'amd64', os.version: '10.0', java.version: '1.8.0_202-release'\nDriver info: io.appium.java_client.android.AndroidDriver\nCapabilities {appActivity: .PreloadActivity, appPackage: com.oneclickmoney.ocm, databaseEnabled: false, desired: {appActivity: .PreloadActivity, appPackage: com.oneclickmoney.ocm, deviceName: My Phone, noReset: true, platformName: android, platformVersion: 5.1, udid: emulator-5554, unicodeKeyboard: true}, deviceApiLevel: 22, deviceManufacturer: unknown, deviceModel: Android SDK built for x86, deviceName: emulator-5554, deviceScreenDensity: 480, deviceScreenSize: 1080x1920, deviceUDID: emulator-5554, javascriptEnabled: true, locationContextEnabled: false, networkConnectionEnabled: true, noReset: true, pixelRatio: 3, platform: LINUX, platformName: Android, platformVersion: 5.1.1, statBarHeight: 75, takesScreenshot: true, udid: emulator-5554, unicodeKeyboard: true, viewportRect: {height: 1701, left: 0, top: 75, width: 1080}, warnings: {}, webStorageEnabled: false}\nSession ID: 170b2d74-fc4f-4b4c-856f-1b045544b480\n*** Element info: {Using=id, value=com.android.documentsui:id/icon_mime}\r\n\tat sun.reflect.NativeConstructorAccessorImpl.newInstance0(Native Method)\r\n\tat sun.reflect.NativeConstructorAccessorImpl.newInstance(NativeConstructorAccessorImpl.java:62)\r\n\tat sun.reflect.DelegatingConstructorAccessorImpl.newInstance(DelegatingConstructorAccessorImpl.java:45)\r\n\tat java.lang.reflect.Constructor.newInstance(Constructor.java:423)\r\n\tat org.openqa.selenium.remote.http.W3CHttpResponseCodec.createException(W3CHttpResponseCodec.java:187)\r\n\tat org.openqa.selenium.remote.http.W3CHttpResponseCodec.decode(W3CHttpResponseCodec.java:122)\r\n\tat org.openqa.selenium.remote.http.W3CHttpResponseCodec.decode(W3CHttpResponseCodec.java:49)\r\n\tat org.openqa.selenium.remote.HttpCommandExecutor.execute(HttpCommandExecutor.java:158)\r\n\tat io.appium.java_client.remote.AppiumCommandExecutor.execute(AppiumCommandExecutor.java:239)\r\n\tat org.openqa.selenium.remote.RemoteWebDriver.execute(RemoteWebDriver.java:552)\r\n\tat io.appium.java_client.DefaultGenericMobileDriver.execute(DefaultGenericMobileDriver.java:41)\r\n\tat io.appium.java_client.AppiumDriver.execute(AppiumDriver.java:1)\r\n\tat io.appium.java_client.android.AndroidDriver.execute(AndroidDriver.java:1)\r\n\tat org.openqa.selenium.remote.RemoteWebDriver.findElement(RemoteWebDriver.java:323)\r\n\tat io.appium.java_client.DefaultGenericMobileDriver.findElement(DefaultGenericMobileDriver.java:61)\r\n\tat io.appium.java_client.AppiumDriver.findElement(AppiumDriver.java:1)\r\n\tat io.appium.java_client.android.AndroidDriver.findElement(AndroidDriver.java:1)\r\n\tat org.openqa.selenium.remote.RemoteWebDriver.findElementById(RemoteWebDriver.java:372)\r\n\tat io.appium.java_client.DefaultGenericMobileDriver.findElementById(DefaultGenericMobileDriver.java:69)\r\n\tat io.appium.java_client.AppiumDriver.findElementById(AppiumDriver.java:1)\r\n\tat io.appium.java_client.android.AndroidDriver.findElementById(AndroidDriver.java:1)\r\n\tat org.openqa.selenium.By$ById.findElement(By.java:188)\r\n\tat org.openqa.selenium.remote.RemoteWebDriver.findElement(RemoteWebDriver.java:315)\r\n\tat io.appium.java_client.DefaultGenericMobileDriver.findElement(DefaultGenericMobileDriver.java:57)\r\n\tat io.appium.java_client.AppiumDriver.findElement(AppiumDriver.java:1)\r\n\tat io.appium.java_client.android.AndroidDriver.findElement(AndroidDriver.java:1)\r\n\tat test.test.take_aroundBody0(test.java:50)\r\n\tat test.test$AjcClosure1.run(test.java:1)\r\n\tat org.aspectj.runtime.reflect.JoinPointImpl.proceed(JoinPointImpl.java:149)\r\n\tat io.qameta.allure.aspects.StepsAspects.step(StepsAspects.java:46)\r\n\tat test.test.take(test.java:41)\r\n\tat test.test.test1(test.java:35)\r\n\tat sun.reflect.NativeMethodAccessorImpl.invoke0(Native Method)\r\n\tat sun.reflect.NativeMethodAccessorImpl.invoke(NativeMethodAccessorImpl.java:62)\r\n\tat sun.reflect.DelegatingMethodAccessorImpl.invoke(DelegatingMethodAccessorImpl.java:43)\r\n\tat java.lang.reflect.Method.invoke(Method.java:498)\r\n\tat org.junit.runners.model.FrameworkMethod$1.runReflectiveCall(FrameworkMethod.java:50)\r\n\tat org.junit.internal.runners.model.ReflectiveCallable.run(ReflectiveCallable.java:12)\r\n\tat org.junit.runners.model.FrameworkMethod.invokeExplosively(FrameworkMethod.java:47)\r\n\tat org.junit.internal.runners.statements.InvokeMethod.evaluate(InvokeMethod.java:17)\r\n\tat org.junit.runners.ParentRunner.runLeaf(ParentRunner.java:325)\r\n\tat org.junit.runners.BlockJUnit4ClassRunner.runChild(BlockJUnit4ClassRunner.java:78)\r\n\tat org.junit.runners.BlockJUnit4ClassRunner.runChild(BlockJUnit4ClassRunner.java:57)\r\n\tat org.junit.runners.ParentRunner$3.run(ParentRunner.java:290)\r\n\tat org.junit.runners.ParentRunner$1.schedule(ParentRunner.java:71)\r\n\tat org.junit.runners.ParentRunner.runChildren(ParentRunner.java:288)\r\n\tat org.junit.runners.ParentRunner.access$000(ParentRunner.java:58)\r\n\tat org.junit.runners.ParentRunner$2.evaluate(ParentRunner.java:268)\r\n\tat org.junit.runners.ParentRunner.run(ParentRunner.java:363)\r\n\tat org.gradle.api.internal.tasks.testing.junit.JUnitTestClassExecutor.runTestClass(JUnitTestClassExecutor.java:110)\r\n\tat org.gradle.api.internal.tasks.testing.junit.JUnitTestClassExecutor.execute(JUnitTestClassExecutor.java:58)\r\n\tat org.gradle.api.internal.tasks.testing.junit.JUnitTestClassExecutor.execute(JUnitTestClassExecutor.java:38)\r\n\tat org.gradle.api.internal.tasks.testing.junit.AbstractJUnitTestClassProcessor.processTestClass(AbstractJUnitTestClassProcessor.java:62)\r\n\tat org.gradle.api.internal.tasks.testing.SuiteTestClassProcessor.processTestClass(SuiteTestClassProcessor.java:51)\r\n\tat sun.reflect.NativeMethodAccessorImpl.invoke0(Native Method)\r\n\tat sun.reflect.NativeMethodAccessorImpl.invoke(NativeMethodAccessorImpl.java:62)\r\n\tat sun.reflect.DelegatingMethodAccessorImpl.invoke(DelegatingMethodAccessorImpl.java:43)\r\n\tat java.lang.reflect.Method.invoke(Method.java:498)\r\n\tat org.gradle.internal.dispatch.ReflectionDispatch.dispatch(ReflectionDispatch.java:35)\r\n\tat org.gradle.internal.dispatch.ReflectionDispatch.dispatch(ReflectionDispatch.java:24)\r\n\tat org.gradle.internal.dispatch.ContextClassLoaderDispatch.dispatch(ContextClassLoaderDispatch.java:32)\r\n\tat org.gradle.internal.dispatch.ProxyDispatchAdapter$DispatchingInvocationHandler.invoke(ProxyDispatchAdapter.java:93)\r\n\tat com.sun.proxy.$Proxy2.processTestClass(Unknown Source)\r\n\tat org.gradle.api.internal.tasks.testing.worker.TestWorker.processTestClass(TestWorker.java:118)\r\n\tat sun.reflect.NativeMethodAccessorImpl.invoke0(Native Method)\r\n\tat sun.reflect.NativeMethodAccessorImpl.invoke(NativeMethodAccessorImpl.java:62)\r\n\tat sun.reflect.DelegatingMethodAccessorImpl.invoke(DelegatingMethodAccessorImpl.java:43)\r\n\tat java.lang.reflect.Method.invoke(Method.java:498)\r\n\tat org.gradle.internal.dispatch.ReflectionDispatch.dispatch(ReflectionDispatch.java:35)\r\n\tat org.gradle.internal.dispatch.ReflectionDispatch.dispatch(ReflectionDispatch.java:24)\r\n\tat org.gradle.internal.remote.internal.hub.MessageHubBackedObjectConnection$DispatchWrapper.dispatch(MessageHubBackedObjectConnection.java:175)\r\n\tat org.gradle.internal.remote.internal.hub.MessageHubBackedObjectConnection$DispatchWrapper.dispatch(MessageHubBackedObjectConnection.java:157)\r\n\tat org.gradle.internal.remote.internal.hub.MessageHub$Handler.run(MessageHub.java:404)\r\n\tat org.gradle.internal.concurrent.ExecutorPolicy$CatchAndRecordFailures.onExecute(ExecutorPolicy.java:63)\r\n\tat org.gradle.internal.concurrent.ManagedExecutorImpl$1.run(ManagedExecutorImpl.java:46)\r\n\tat java.util.concurrent.ThreadPoolExecutor.runWorker(ThreadPoolExecutor.java:1149)\r\n\tat java.util.concurrent.ThreadPoolExecutor$Worker.run(ThreadPoolExecutor.java:624)\r\n\tat org.gradle.internal.concurrent.ThreadFactoryImpl$ManagedThreadRunnable.run(ThreadFactoryImpl.java:55)\r\n\tat java.lang.Thread.run(Thread.java:748)\r\n",
    "steps" : [ {
      "name" : "appiumInit",
      "time" : {
        "start" : 1567763875560,
        "stop" : 1567763887433,
        "duration" : 11873
      },
      "status" : "passed",
      "steps" : [ ],
      "attachments" : [ ],
      "parameters" : [ ],
      "stepsCount" : 0,
      "hasContent" : false,
      "shouldDisplayMessage" : false,
      "attachmentsCount" : 0
    }, {
      "name" : "afterReset",
      "time" : {
        "start" : 1567763887434,
        "stop" : 1567763897932,
        "duration" : 10498
      },
      "status" : "passed",
      "steps" : [ ],
      "attachments" : [ ],
      "parameters" : [ {
        "name" : "driver",
        "value" : "io.appium.java_client.android.AndroidDriver, Capabilities: {appActivity=.PreloadActivity, appPackage=com.oneclickmoney.ocm, databaseEnabled=false, desired={platformName=android, appActivity=.PreloadActivity, appPackage=com.oneclickmoney.ocm, deviceName=My Phone, noReset=true, platformVersion=5.1, udid=emulator-5554, unicodeKeyboard=true}, deviceApiLevel=22, deviceManufacturer=unknown, deviceModel=Android SDK built for x86, deviceName=emulator-5554, deviceScreenDensity=480, deviceScreenSize=1080x1920, deviceUDID=emulator-5554, javascriptEnabled=true, locationContextEnabled=false, networkConnectionEnabled=true, noReset=true, pixelRatio=3, platform=LINUX, platformName=Android, platformVersion=5.1.1, statBarHeight=75, takesScreenshot=true, udid=emulator-5554, unicodeKeyboard=true, viewportRect={left=0, top=75, width=1080, height=1701}, warnings={}, webStorageEnabled=false}"
      } ],
      "stepsCount" : 0,
      "hasContent" : true,
      "shouldDisplayMessage" : false,
      "attachmentsCount" : 0
    }, {
      "name" : "login",
      "time" : {
        "start" : 1567763897933,
        "stop" : 1567763907584,
        "duration" : 9651
      },
      "status" : "passed",
      "steps" : [ ],
      "attachments" : [ ],
      "parameters" : [ {
        "name" : "driver",
        "value" : "io.appium.java_client.android.AndroidDriver, Capabilities: {appActivity=.PreloadActivity, appPackage=com.oneclickmoney.ocm, databaseEnabled=false, desired={platformName=android, appActivity=.PreloadActivity, appPackage=com.oneclickmoney.ocm, deviceName=My Phone, noReset=true, platformVersion=5.1, udid=emulator-5554, unicodeKeyboard=true}, deviceApiLevel=22, deviceManufacturer=unknown, deviceModel=Android SDK built for x86, deviceName=emulator-5554, deviceScreenDensity=480, deviceScreenSize=1080x1920, deviceUDID=emulator-5554, javascriptEnabled=true, locationContextEnabled=false, networkConnectionEnabled=true, noReset=true, pixelRatio=3, platform=LINUX, platformName=Android, platformVersion=5.1.1, statBarHeight=75, takesScreenshot=true, udid=emulator-5554, unicodeKeyboard=true, viewportRect={left=0, top=75, width=1080, height=1701}, warnings={}, webStorageEnabled=false}"
      } ],
      "stepsCount" : 0,
      "hasContent" : true,
      "shouldDisplayMessage" : false,
      "attachmentsCount" : 0
    }, {
      "name" : "take",
      "time" : {
        "start" : 1567763907585,
        "stop" : 1567763923325,
        "duration" : 15740
      },
      "status" : "broken",
      "statusMessage" : "An element could not be located on the page using the given search parameters.\nFor documentation on this error, please visit: https://www.seleniumhq.org/exceptions/no_such_element.html\nBuild info: version: '3.141.59', revision: 'e82be7d358', time: '2018-11-14T08:17:03'\nSystem info: host: 'LEN-4-2', ip: '192.168.193.2', os.name: 'Windows 10', os.arch: 'amd64', os.version: '10.0', java.version: '1.8.0_202-release'\nDriver info: io.appium.java_client.android.AndroidDriver\nCapabilities {appActivity: .PreloadActivity, appPackage: com.oneclickmoney.ocm, databaseEnabled: false, desired: {appActivity: .PreloadActivity, appPackage: com.oneclickmoney.ocm, deviceName: My Phone, noReset: true, platformName: android, platformVersion: 5.1, udid: emulator-5554, unicodeKeyboard: true}, deviceApiLevel: 22, deviceManufacturer: unknown, deviceModel: Android SDK built for x86, deviceName: emulator-5554, deviceScreenDensity: 480, deviceScreenSize: 1080x1920, deviceUDID: emulator-5554, javascriptEnabled: true, locationContextEnabled: false, networkConnectionEnabled: true, noReset: true, pixelRatio: 3, platform: LINUX, platformName: Android, platformVersion: 5.1.1, statBarHeight: 75, takesScreenshot: true, udid: emulator-5554, unicodeKeyboard: true, viewportRect: {height: 1701, left: 0, top: 75, width: 1080}, warnings: {}, webStorageEnabled: false}\nSession ID: 170b2d74-fc4f-4b4c-856f-1b045544b480\n*** Element info: {Using=id, value=com.android.documentsui:id/icon_mime}",
      "statusTrace" : "org.openqa.selenium.NoSuchElementException: An element could not be located on the page using the given search parameters.\nFor documentation on this error, please visit: https://www.seleniumhq.org/exceptions/no_such_element.html\nBuild info: version: '3.141.59', revision: 'e82be7d358', time: '2018-11-14T08:17:03'\nSystem info: host: 'LEN-4-2', ip: '192.168.193.2', os.name: 'Windows 10', os.arch: 'amd64', os.version: '10.0', java.version: '1.8.0_202-release'\nDriver info: io.appium.java_client.android.AndroidDriver\nCapabilities {appActivity: .PreloadActivity, appPackage: com.oneclickmoney.ocm, databaseEnabled: false, desired: {appActivity: .PreloadActivity, appPackage: com.oneclickmoney.ocm, deviceName: My Phone, noReset: true, platformName: android, platformVersion: 5.1, udid: emulator-5554, unicodeKeyboard: true}, deviceApiLevel: 22, deviceManufacturer: unknown, deviceModel: Android SDK built for x86, deviceName: emulator-5554, deviceScreenDensity: 480, deviceScreenSize: 1080x1920, deviceUDID: emulator-5554, javascriptEnabled: true, locationContextEnabled: false, networkConnectionEnabled: true, noReset: true, pixelRatio: 3, platform: LINUX, platformName: Android, platformVersion: 5.1.1, statBarHeight: 75, takesScreenshot: true, udid: emulator-5554, unicodeKeyboard: true, viewportRect: {height: 1701, left: 0, top: 75, width: 1080}, warnings: {}, webStorageEnabled: false}\nSession ID: 170b2d74-fc4f-4b4c-856f-1b045544b480\n*** Element info: {Using=id, value=com.android.documentsui:id/icon_mime}\r\n\tat sun.reflect.NativeConstructorAccessorImpl.newInstance0(Native Method)\r\n\tat sun.reflect.NativeConstructorAccessorImpl.newInstance(NativeConstructorAccessorImpl.java:62)\r\n\tat sun.reflect.DelegatingConstructorAccessorImpl.newInstance(DelegatingConstructorAccessorImpl.java:45)\r\n\tat java.lang.reflect.Constructor.newInstance(Constructor.java:423)\r\n\tat org.openqa.selenium.remote.http.W3CHttpResponseCodec.createException(W3CHttpResponseCodec.java:187)\r\n\tat org.openqa.selenium.remote.http.W3CHttpResponseCodec.decode(W3CHttpResponseCodec.java:122)\r\n\tat org.openqa.selenium.remote.http.W3CHttpResponseCodec.decode(W3CHttpResponseCodec.java:49)\r\n\tat org.openqa.selenium.remote.HttpCommandExecutor.execute(HttpCommandExecutor.java:158)\r\n\tat io.appium.java_client.remote.AppiumCommandExecutor.execute(AppiumCommandExecutor.java:239)\r\n\tat org.openqa.selenium.remote.RemoteWebDriver.execute(RemoteWebDriver.java:552)\r\n\tat io.appium.java_client.DefaultGenericMobileDriver.execute(DefaultGenericMobileDriver.java:41)\r\n\tat io.appium.java_client.AppiumDriver.execute(AppiumDriver.java:1)\r\n\tat io.appium.java_client.android.AndroidDriver.execute(AndroidDriver.java:1)\r\n\tat org.openqa.selenium.remote.RemoteWebDriver.findElement(RemoteWebDriver.java:323)\r\n\tat io.appium.java_client.DefaultGenericMobileDriver.findElement(DefaultGenericMobileDriver.java:61)\r\n\tat io.appium.java_client.AppiumDriver.findElement(AppiumDriver.java:1)\r\n\tat io.appium.java_client.android.AndroidDriver.findElement(AndroidDriver.java:1)\r\n\tat org.openqa.selenium.remote.RemoteWebDriver.findElementById(RemoteWebDriver.java:372)\r\n\tat io.appium.java_client.DefaultGenericMobileDriver.findElementById(DefaultGenericMobileDriver.java:69)\r\n\tat io.appium.java_client.AppiumDriver.findElementById(AppiumDriver.java:1)\r\n\tat io.appium.java_client.android.AndroidDriver.findElementById(AndroidDriver.java:1)\r\n\tat org.openqa.selenium.By$ById.findElement(By.java:188)\r\n\tat org.openqa.selenium.remote.RemoteWebDriver.findElement(RemoteWebDriver.java:315)\r\n\tat io.appium.java_client.DefaultGenericMobileDriver.findElement(DefaultGenericMobileDriver.java:57)\r\n\tat io.appium.java_client.AppiumDriver.findElement(AppiumDriver.java:1)\r\n\tat io.appium.java_client.android.AndroidDriver.findElement(AndroidDriver.java:1)\r\n\tat test.test.take_aroundBody0(test.java:50)\r\n\tat test.test$AjcClosure1.run(test.java:1)\r\n\tat org.aspectj.runtime.reflect.JoinPointImpl.proceed(JoinPointImpl.java:149)\r\n\tat io.qameta.allure.aspects.StepsAspects.step(StepsAspects.java:46)\r\n\tat test.test.take(test.java:41)\r\n\tat test.test.test1(test.java:35)\r\n\tat sun.reflect.NativeMethodAccessorImpl.invoke0(Native Method)\r\n\tat sun.reflect.NativeMethodAccessorImpl.invoke(NativeMethodAccessorImpl.java:62)\r\n\tat sun.reflect.DelegatingMethodAccessorImpl.invoke(DelegatingMethodAccessorImpl.java:43)\r\n\tat java.lang.reflect.Method.invoke(Method.java:498)\r\n\tat org.junit.runners.model.FrameworkMethod$1.runReflectiveCall(FrameworkMethod.java:50)\r\n\tat org.junit.internal.runners.model.ReflectiveCallable.run(ReflectiveCallable.java:12)\r\n\tat org.junit.runners.model.FrameworkMethod.invokeExplosively(FrameworkMethod.java:47)\r\n\tat org.junit.internal.runners.statements.InvokeMethod.evaluate(InvokeMethod.java:17)\r\n\tat org.junit.runners.ParentRunner.runLeaf(ParentRunner.java:325)\r\n\tat org.junit.runners.BlockJUnit4ClassRunner.runChild(BlockJUnit4ClassRunner.java:78)\r\n\tat org.junit.runners.BlockJUnit4ClassRunner.runChild(BlockJUnit4ClassRunner.java:57)\r\n\tat org.junit.runners.ParentRunner$3.run(ParentRunner.java:290)\r\n\tat org.junit.runners.ParentRunner$1.schedule(ParentRunner.java:71)\r\n\tat org.junit.runners.ParentRunner.runChildren(ParentRunner.java:288)\r\n\tat org.junit.runners.ParentRunner.access$000(ParentRunner.java:58)\r\n\tat org.junit.runners.ParentRunner$2.evaluate(ParentRunner.java:268)\r\n\tat org.junit.runners.ParentRunner.run(ParentRunner.java:363)\r\n\tat org.gradle.api.internal.tasks.testing.junit.JUnitTestClassExecutor.runTestClass(JUnitTestClassExecutor.java:110)\r\n\tat org.gradle.api.internal.tasks.testing.junit.JUnitTestClassExecutor.execute(JUnitTestClassExecutor.java:58)\r\n\tat org.gradle.api.internal.tasks.testing.junit.JUnitTestClassExecutor.execute(JUnitTestClassExecutor.java:38)\r\n\tat org.gradle.api.internal.tasks.testing.junit.AbstractJUnitTestClassProcessor.processTestClass(AbstractJUnitTestClassProcessor.java:62)\r\n\tat org.gradle.api.internal.tasks.testing.SuiteTestClassProcessor.processTestClass(SuiteTestClassProcessor.java:51)\r\n\tat sun.reflect.NativeMethodAccessorImpl.invoke0(Native Method)\r\n\tat sun.reflect.NativeMethodAccessorImpl.invoke(NativeMethodAccessorImpl.java:62)\r\n\tat sun.reflect.DelegatingMethodAccessorImpl.invoke(DelegatingMethodAccessorImpl.java:43)\r\n\tat java.lang.reflect.Method.invoke(Method.java:498)\r\n\tat org.gradle.internal.dispatch.ReflectionDispatch.dispatch(ReflectionDispatch.java:35)\r\n\tat org.gradle.internal.dispatch.ReflectionDispatch.dispatch(ReflectionDispatch.java:24)\r\n\tat org.gradle.internal.dispatch.ContextClassLoaderDispatch.dispatch(ContextClassLoaderDispatch.java:32)\r\n\tat org.gradle.internal.dispatch.ProxyDispatchAdapter$DispatchingInvocationHandler.invoke(ProxyDispatchAdapter.java:93)\r\n\tat com.sun.proxy.$Proxy2.processTestClass(Unknown Source)\r\n\tat org.gradle.api.internal.tasks.testing.worker.TestWorker.processTestClass(TestWorker.java:118)\r\n\tat sun.reflect.NativeMethodAccessorImpl.invoke0(Native Method)\r\n\tat sun.reflect.NativeMethodAccessorImpl.invoke(NativeMethodAccessorImpl.java:62)\r\n\tat sun.reflect.DelegatingMethodAccessorImpl.invoke(DelegatingMethodAccessorImpl.java:43)\r\n\tat java.lang.reflect.Method.invoke(Method.java:498)\r\n\tat org.gradle.internal.dispatch.ReflectionDispatch.dispatch(ReflectionDispatch.java:35)\r\n\tat org.gradle.internal.dispatch.ReflectionDispatch.dispatch(ReflectionDispatch.java:24)\r\n\tat org.gradle.internal.remote.internal.hub.MessageHubBackedObjectConnection$DispatchWrapper.dispatch(MessageHubBackedObjectConnection.java:175)\r\n\tat org.gradle.internal.remote.internal.hub.MessageHubBackedObjectConnection$DispatchWrapper.dispatch(MessageHubBackedObjectConnection.java:157)\r\n\tat org.gradle.internal.remote.internal.hub.MessageHub$Handler.run(MessageHub.java:404)\r\n\tat org.gradle.internal.concurrent.ExecutorPolicy$CatchAndRecordFailures.onExecute(ExecutorPolicy.java:63)\r\n\tat org.gradle.internal.concurrent.ManagedExecutorImpl$1.run(ManagedExecutorImpl.java:46)\r\n\tat java.util.concurrent.ThreadPoolExecutor.runWorker(ThreadPoolExecutor.java:1149)\r\n\tat java.util.concurrent.ThreadPoolExecutor$Worker.run(ThreadPoolExecutor.java:624)\r\n\tat org.gradle.internal.concurrent.ThreadFactoryImpl$ManagedThreadRunnable.run(ThreadFactoryImpl.java:55)\r\n\tat java.lang.Thread.run(Thread.java:748)\r\n",
      "steps" : [ ],
      "attachments" : [ ],
      "parameters" : [ {
        "name" : "driver",
        "value" : "io.appium.java_client.android.AndroidDriver, Capabilities: {appActivity=.PreloadActivity, appPackage=com.oneclickmoney.ocm, databaseEnabled=false, desired={platformName=android, appActivity=.PreloadActivity, appPackage=com.oneclickmoney.ocm, deviceName=My Phone, noReset=true, platformVersion=5.1, udid=emulator-5554, unicodeKeyboard=true}, deviceApiLevel=22, deviceManufacturer=unknown, deviceModel=Android SDK built for x86, deviceName=emulator-5554, deviceScreenDensity=480, deviceScreenSize=1080x1920, deviceUDID=emulator-5554, javascriptEnabled=true, locationContextEnabled=false, networkConnectionEnabled=true, noReset=true, pixelRatio=3, platform=LINUX, platformName=Android, platformVersion=5.1.1, statBarHeight=75, takesScreenshot=true, udid=emulator-5554, unicodeKeyboard=true, viewportRect={left=0, top=75, width=1080, height=1701}, warnings={}, webStorageEnabled=false}"
      } ],
      "stepsCount" : 0,
      "hasContent" : true,
      "shouldDisplayMessage" : true,
      "attachmentsCount" : 0
    } ],
    "attachments" : [ ],
    "parameters" : [ ],
    "stepsCount" : 4,
    "hasContent" : true,
    "shouldDisplayMessage" : false,
    "attachmentsCount" : 0
  },
  "afterStages" : [ ],
  "labels" : [ {
    "name" : "package",
    "value" : "test"
  }, {
    "name" : "testClass",
    "value" : "test.test"
  }, {
    "name" : "testMethod",
    "value" : "test1"
  }, {
    "name" : "suite",
    "value" : "test.test"
  }, {
    "name" : "host",
    "value" : "Len-4-2"
  }, {
    "name" : "thread",
    "value" : "392@Len-4-2.Test worker(11)"
  }, {
    "name" : "feature",
    "value" : "Автотест для проверки повторной заявки пользователя"
  }, {
    "name" : "resultFormat",
    "value" : "allure2"
  } ],
  "parameters" : [ ],
  "links" : [ ],
  "hidden" : false,
  "retry" : false,
  "extra" : {
    "severity" : "normal",
    "retries" : [ ],
    "categories" : [ {
      "name" : "Test defects",
      "matchedStatuses" : [ ],
      "flaky" : false
    } ],
    "tags" : [ ]
  },
  "source" : "80f5fc2afbcce14.json",
  "parameterValues" : [ ]
}